19:42:57 INFO  : Launching XSCT server: xsct.bat -n  -interactive C:\workspace5_do_2\temp_xsdb_launch_script.tcl
19:42:57 INFO  : Registering command handlers for Vitis TCF services
19:42:59 INFO  : XSCT server has started successfully.
19:43:00 INFO  : plnx-install-location is set to ''
19:43:00 INFO  : Successfully done setting XSCT server connection channel  
19:43:00 INFO  : Successfully done query RDI_DATADIR 
19:43:00 INFO  : Successfully done setting workspace for the tool. 
19:43:00 INFO  : Platform repository initialization has completed.
19:44:17 INFO  : Result from executing command 'getProjects': ads_lab5_pp_2_do
19:44:17 INFO  : Result from executing command 'getPlatforms': 
19:48:34 INFO  : Result from executing command 'getProjects': ads_lab5_pp_2_do
19:48:34 INFO  : Result from executing command 'getPlatforms': ads_lab5_pp_2_do|C:/workspace5_do_2/ads_lab5_pp_2_do/export/ads_lab5_pp_2_do/ads_lab5_pp_2_do.xpfm
19:49:38 INFO  : Checking for BSP changes to sync application flags for project 'ads_lab5_ap_2_do'...
20:01:27 INFO  : Checking for BSP changes to sync application flags for project 'ads_lab5_ap_2_do'...
20:04:41 INFO  : Connected to target on host '127.0.0.1' and port '3121'.
20:04:52 INFO  : Jtag cable 'Digilent Zed 210248470159' is selected.
20:04:52 INFO  : 'jtag frequency' command is executed.
20:04:52 INFO  : Context for 'APU' is selected.
20:04:52 INFO  : System reset is completed.
20:04:55 INFO  : 'after 3000' command is executed.
20:04:55 INFO  : 'targets -set -filter {jtag_cable_name =~ "Digilent Zed 210248470159" && level==0 && jtag_device_ctx=="jsn-Zed-210248470159-03727093-0"}' command is executed.
20:04:57 INFO  : Device configured successfully with "C:/workspace5_do_2/ads_lab5_ap_2_do/_ide/bitstream/lab5_bd_wrapper.bit"
20:04:57 INFO  : Context for 'APU' is selected.
20:04:57 INFO  : Hardware design and registers information is loaded from 'C:/workspace5_do_2/ads_lab5_pp_2_do/export/ads_lab5_pp_2_do/hw/lab5_bd_wrapper.xsa'.
20:04:57 INFO  : 'configparams force-mem-access 1' command is executed.
20:04:57 INFO  : Context for 'APU' is selected.
20:04:57 INFO  : Sourcing of 'C:/workspace5_do_2/ads_lab5_ap_2_do/_ide/psinit/ps7_init.tcl' is done.
20:04:58 INFO  : 'ps7_init' command is executed.
20:04:58 INFO  : 'ps7_post_config' command is executed.
20:04:58 INFO  : Context for processor 'ps7_cortexa9_0' is selected.
20:04:58 INFO  : The application 'C:/workspace5_do_2/ads_lab5_ap_2_do/Debug/ads_lab5_ap_2_do.elf' is downloaded to processor 'ps7_cortexa9_0'.
20:04:58 INFO  : 'configparams force-mem-access 0' command is executed.
20:04:58 INFO  : ----------------XSDB Script----------------
connect -url tcp:127.0.0.1:3121
targets -set -nocase -filter {name =~"APU*"}
rst -system
after 3000
targets -set -filter {jtag_cable_name =~ "Digilent Zed 210248470159" && level==0 && jtag_device_ctx=="jsn-Zed-210248470159-03727093-0"}
fpga -file C:/workspace5_do_2/ads_lab5_ap_2_do/_ide/bitstream/lab5_bd_wrapper.bit
targets -set -nocase -filter {name =~"APU*"}
loadhw -hw C:/workspace5_do_2/ads_lab5_pp_2_do/export/ads_lab5_pp_2_do/hw/lab5_bd_wrapper.xsa -mem-ranges [list {0x40000000 0xbfffffff}] -regs
configparams force-mem-access 1
targets -set -nocase -filter {name =~"APU*"}
source C:/workspace5_do_2/ads_lab5_ap_2_do/_ide/psinit/ps7_init.tcl
ps7_init
ps7_post_config
targets -set -nocase -filter {name =~ "*A9*#0"}
dow C:/workspace5_do_2/ads_lab5_ap_2_do/Debug/ads_lab5_ap_2_do.elf
configparams force-mem-access 0
----------------End of Script----------------

20:04:58 INFO  : Context for processor 'ps7_cortexa9_0' is selected.
20:04:58 INFO  : 'con' command is executed.
20:04:58 INFO  : ----------------XSDB Script (After Launch)----------------
targets -set -nocase -filter {name =~ "*A9*#0"}
con
----------------End of Script----------------

20:04:58 INFO  : Launch script is exported to file 'C:\workspace5_do_2\ads_lab5_ap_2_do_system\_ide\scripts\systemdebugger_ads_lab5_ap_2_do_system_standalone.tcl'
20:17:36 INFO  : Disconnected from the channel tcfchan#4.
20:25:36 INFO  : Hardware specification for platform project 'ads_lab5_pp_2_do' is updated.
20:25:48 INFO  : Result from executing command 'getProjects': ads_lab5_pp_2_do
20:25:48 INFO  : Result from executing command 'getPlatforms': ads_lab5_pp_2_do|C:/workspace5_do_2/ads_lab5_pp_2_do/export/ads_lab5_pp_2_do/ads_lab5_pp_2_do.xpfm
20:25:51 INFO  : Checking for BSP changes to sync application flags for project 'ads_lab5_ap_2_do'...
20:25:54 INFO  : The hardware specfication used by project 'ads_lab5_ap_2_do' is out of sync with the platform. Resource files extracted from the hardware specfiication will be updated.
20:25:54 INFO  : The file 'C:\workspace5_do_2\ads_lab5_ap_2_do\_ide\bitstream\lab5_bd_wrapper.bit' stored in project is removed.
20:25:54 INFO  : The updated bitstream files are copied from platform to folder 'C:\workspace5_do_2\ads_lab5_ap_2_do\_ide\bitstream' in project 'ads_lab5_ap_2_do'.
20:25:54 INFO  : The file 'C:\workspace5_do_2\ads_lab5_ap_2_do\_ide\psinit\ps7_init.tcl' stored in project is removed.
20:26:01 INFO  : The updated ps init files are copied from platform to folder 'C:\workspace5_do_2\ads_lab5_ap_2_do\_ide\psinit' in project 'ads_lab5_ap_2_do'.
20:26:13 INFO  : Checking for BSP changes to sync application flags for project 'ads_lab5_ap_2_do'...
20:26:30 INFO  : Connected to target on host '127.0.0.1' and port '3121'.
20:26:30 INFO  : Jtag cable 'Digilent Zed 210248470159' is selected.
20:26:30 INFO  : 'jtag frequency' command is executed.
20:26:30 INFO  : Context for 'APU' is selected.
20:26:30 INFO  : System reset is completed.
20:26:33 INFO  : 'after 3000' command is executed.
20:26:33 INFO  : 'targets -set -filter {jtag_cable_name =~ "Digilent Zed 210248470159" && level==0 && jtag_device_ctx=="jsn-Zed-210248470159-03727093-0"}' command is executed.
20:26:36 INFO  : Device configured successfully with "C:/workspace5_do_2/ads_lab5_ap_2_do/_ide/bitstream/lab5_bd_wrapper.bit"
20:26:36 INFO  : Context for 'APU' is selected.
20:26:36 INFO  : Hardware design and registers information is loaded from 'C:/workspace5_do_2/ads_lab5_pp_2_do/export/ads_lab5_pp_2_do/hw/lab5_bd_wrapper.xsa'.
20:26:36 INFO  : 'configparams force-mem-access 1' command is executed.
20:26:36 INFO  : Context for 'APU' is selected.
20:26:36 INFO  : Sourcing of 'C:/workspace5_do_2/ads_lab5_ap_2_do/_ide/psinit/ps7_init.tcl' is done.
20:26:36 INFO  : 'ps7_init' command is executed.
20:26:36 INFO  : 'ps7_post_config' command is executed.
20:26:36 INFO  : Context for processor 'ps7_cortexa9_0' is selected.
20:26:36 INFO  : The application 'C:/workspace5_do_2/ads_lab5_ap_2_do/Debug/ads_lab5_ap_2_do.elf' is downloaded to processor 'ps7_cortexa9_0'.
20:26:36 INFO  : 'configparams force-mem-access 0' command is executed.
20:26:36 INFO  : ----------------XSDB Script----------------
connect -url tcp:127.0.0.1:3121
targets -set -nocase -filter {name =~"APU*"}
rst -system
after 3000
targets -set -filter {jtag_cable_name =~ "Digilent Zed 210248470159" && level==0 && jtag_device_ctx=="jsn-Zed-210248470159-03727093-0"}
fpga -file C:/workspace5_do_2/ads_lab5_ap_2_do/_ide/bitstream/lab5_bd_wrapper.bit
targets -set -nocase -filter {name =~"APU*"}
loadhw -hw C:/workspace5_do_2/ads_lab5_pp_2_do/export/ads_lab5_pp_2_do/hw/lab5_bd_wrapper.xsa -mem-ranges [list {0x40000000 0xbfffffff}] -regs
configparams force-mem-access 1
targets -set -nocase -filter {name =~"APU*"}
source C:/workspace5_do_2/ads_lab5_ap_2_do/_ide/psinit/ps7_init.tcl
ps7_init
ps7_post_config
targets -set -nocase -filter {name =~ "*A9*#0"}
dow C:/workspace5_do_2/ads_lab5_ap_2_do/Debug/ads_lab5_ap_2_do.elf
configparams force-mem-access 0
----------------End of Script----------------

20:26:36 INFO  : Context for processor 'ps7_cortexa9_0' is selected.
20:26:36 INFO  : 'con' command is executed.
20:26:36 INFO  : ----------------XSDB Script (After Launch)----------------
targets -set -nocase -filter {name =~ "*A9*#0"}
con
----------------End of Script----------------

20:26:36 INFO  : Launch script is exported to file 'C:\workspace5_do_2\ads_lab5_ap_2_do_system\_ide\scripts\systemdebugger_ads_lab5_ap_2_do_system_standalone.tcl'
21:18:48 INFO  : Disconnected from the channel tcfchan#7.
20:07:02 INFO  : Launching XSCT server: xsct.bat -n  -interactive C:\workspace5_do_2\temp_xsdb_launch_script.tcl
20:07:05 INFO  : XSCT server has started successfully.
20:07:05 INFO  : plnx-install-location is set to ''
20:07:05 INFO  : Successfully done setting XSCT server connection channel  
20:07:05 INFO  : Successfully done setting workspace for the tool. 
20:07:08 INFO  : Platform repository initialization has completed.
20:07:08 INFO  : Registering command handlers for Vitis TCF services
20:07:11 INFO  : Successfully done query RDI_DATADIR 
21:09:29 INFO  : Hardware specification for platform project 'ads_lab5_pp_2_do' is updated.
21:11:38 INFO  : Result from executing command 'getProjects': ads_lab5_pp_2_do
21:11:38 INFO  : Result from executing command 'getPlatforms': ads_lab5_pp_2_do|C:/workspace5_do_2/ads_lab5_pp_2_do/export/ads_lab5_pp_2_do/ads_lab5_pp_2_do.xpfm
21:11:49 INFO  : Checking for BSP changes to sync application flags for project 'ads_lab5_ap_2_do'...
21:11:52 INFO  : The hardware specfication used by project 'ads_lab5_ap_2_do' is out of sync with the platform. Resource files extracted from the hardware specfiication will be updated.
21:11:52 INFO  : The file 'C:\workspace5_do_2\ads_lab5_ap_2_do\_ide\bitstream\lab5_bd_wrapper.bit' stored in project is removed.
21:11:52 INFO  : The updated bitstream files are copied from platform to folder 'C:\workspace5_do_2\ads_lab5_ap_2_do\_ide\bitstream' in project 'ads_lab5_ap_2_do'.
21:11:52 INFO  : The file 'C:\workspace5_do_2\ads_lab5_ap_2_do\_ide\psinit\ps7_init.tcl' stored in project is removed.
21:11:58 INFO  : The updated ps init files are copied from platform to folder 'C:\workspace5_do_2\ads_lab5_ap_2_do\_ide\psinit' in project 'ads_lab5_ap_2_do'.
21:17:01 INFO  : Checking for BSP changes to sync application flags for project 'ads_lab5_ap_2_do'...
21:34:15 INFO  : Checking for BSP changes to sync application flags for project 'ads_lab5_ap_2_do'...
21:39:29 INFO  : Checking for BSP changes to sync application flags for project 'ads_lab5_ap_2_do'...
21:40:15 INFO  : Checking for BSP changes to sync application flags for project 'ads_lab5_ap_2_do'...
21:40:51 INFO  : Checking for BSP changes to sync application flags for project 'ads_lab5_ap_2_do'...
13:06:31 INFO  : Connected to target on host '127.0.0.1' and port '3121'.
13:06:31 INFO  : Jtag cable 'Digilent Zed 210248470623' is selected.
13:06:31 INFO  : 'jtag frequency' command is executed.
13:06:31 INFO  : Context for 'APU' is selected.
13:06:31 INFO  : System reset is completed.
13:06:34 INFO  : 'after 3000' command is executed.
13:06:34 INFO  : 'targets -set -filter {jtag_cable_name =~ "Digilent Zed 210248470623" && level==0 && jtag_device_ctx=="jsn-Zed-210248470623-03727093-0"}' command is executed.
13:06:37 INFO  : Device configured successfully with "C:/workspace5_do_2/ads_lab5_ap_2_do/_ide/bitstream/lab5_bd_wrapper.bit"
13:06:37 INFO  : Context for 'APU' is selected.
13:06:37 INFO  : Hardware design and registers information is loaded from 'C:/workspace5_do_2/ads_lab5_pp_2_do/export/ads_lab5_pp_2_do/hw/lab5_bd_wrapper.xsa'.
13:06:37 INFO  : 'configparams force-mem-access 1' command is executed.
13:06:37 INFO  : Context for 'APU' is selected.
13:06:37 INFO  : Sourcing of 'C:/workspace5_do_2/ads_lab5_ap_2_do/_ide/psinit/ps7_init.tcl' is done.
13:06:37 INFO  : 'ps7_init' command is executed.
13:06:37 INFO  : 'ps7_post_config' command is executed.
13:06:37 INFO  : Context for processor 'ps7_cortexa9_0' is selected.
13:06:38 INFO  : The application 'C:/workspace5_do_2/ads_lab5_ap_2_do/Debug/ads_lab5_ap_2_do.elf' is downloaded to processor 'ps7_cortexa9_0'.
13:06:38 INFO  : 'configparams force-mem-access 0' command is executed.
13:06:38 INFO  : ----------------XSDB Script----------------
connect -url tcp:127.0.0.1:3121
targets -set -nocase -filter {name =~"APU*"}
rst -system
after 3000
targets -set -filter {jtag_cable_name =~ "Digilent Zed 210248470623" && level==0 && jtag_device_ctx=="jsn-Zed-210248470623-03727093-0"}
fpga -file C:/workspace5_do_2/ads_lab5_ap_2_do/_ide/bitstream/lab5_bd_wrapper.bit
targets -set -nocase -filter {name =~"APU*"}
loadhw -hw C:/workspace5_do_2/ads_lab5_pp_2_do/export/ads_lab5_pp_2_do/hw/lab5_bd_wrapper.xsa -mem-ranges [list {0x40000000 0xbfffffff}] -regs
configparams force-mem-access 1
targets -set -nocase -filter {name =~"APU*"}
source C:/workspace5_do_2/ads_lab5_ap_2_do/_ide/psinit/ps7_init.tcl
ps7_init
ps7_post_config
targets -set -nocase -filter {name =~ "*A9*#0"}
dow C:/workspace5_do_2/ads_lab5_ap_2_do/Debug/ads_lab5_ap_2_do.elf
configparams force-mem-access 0
----------------End of Script----------------

13:06:38 INFO  : Context for processor 'ps7_cortexa9_0' is selected.
13:06:38 INFO  : 'con' command is executed.
13:06:38 INFO  : ----------------XSDB Script (After Launch)----------------
targets -set -nocase -filter {name =~ "*A9*#0"}
con
----------------End of Script----------------

13:06:38 INFO  : Launch script is exported to file 'C:\workspace5_do_2\ads_lab5_ap_2_do_system\_ide\scripts\systemdebugger_ads_lab5_ap_2_do_system_standalone.tcl'
13:11:59 INFO  : Disconnected from the channel tcfchan#4.
13:12:09 INFO  : Connected to target on host '127.0.0.1' and port '3121'.
13:12:09 INFO  : Jtag cable 'Digilent Zed 210248470623' is selected.
13:12:09 INFO  : 'jtag frequency' command is executed.
13:12:09 INFO  : Context for 'APU' is selected.
13:12:09 INFO  : System reset is completed.
13:12:12 INFO  : 'after 3000' command is executed.
13:12:12 INFO  : 'targets -set -filter {jtag_cable_name =~ "Digilent Zed 210248470623" && level==0 && jtag_device_ctx=="jsn-Zed-210248470623-03727093-0"}' command is executed.
13:12:14 INFO  : Device configured successfully with "C:/workspace5_do_2/ads_lab5_ap_2_do/_ide/bitstream/lab5_bd_wrapper.bit"
13:12:15 INFO  : Context for 'APU' is selected.
13:12:15 INFO  : Hardware design and registers information is loaded from 'C:/workspace5_do_2/ads_lab5_pp_2_do/export/ads_lab5_pp_2_do/hw/lab5_bd_wrapper.xsa'.
13:12:15 INFO  : 'configparams force-mem-access 1' command is executed.
13:12:15 INFO  : Context for 'APU' is selected.
13:12:15 INFO  : Sourcing of 'C:/workspace5_do_2/ads_lab5_ap_2_do/_ide/psinit/ps7_init.tcl' is done.
13:12:15 INFO  : 'ps7_init' command is executed.
13:12:15 INFO  : 'ps7_post_config' command is executed.
13:12:15 INFO  : Context for processor 'ps7_cortexa9_0' is selected.
13:12:15 INFO  : The application 'C:/workspace5_do_2/ads_lab5_ap_2_do/Debug/ads_lab5_ap_2_do.elf' is downloaded to processor 'ps7_cortexa9_0'.
13:12:15 INFO  : 'configparams force-mem-access 0' command is executed.
13:12:15 INFO  : ----------------XSDB Script----------------
connect -url tcp:127.0.0.1:3121
targets -set -nocase -filter {name =~"APU*"}
rst -system
after 3000
targets -set -filter {jtag_cable_name =~ "Digilent Zed 210248470623" && level==0 && jtag_device_ctx=="jsn-Zed-210248470623-03727093-0"}
fpga -file C:/workspace5_do_2/ads_lab5_ap_2_do/_ide/bitstream/lab5_bd_wrapper.bit
targets -set -nocase -filter {name =~"APU*"}
loadhw -hw C:/workspace5_do_2/ads_lab5_pp_2_do/export/ads_lab5_pp_2_do/hw/lab5_bd_wrapper.xsa -mem-ranges [list {0x40000000 0xbfffffff}] -regs
configparams force-mem-access 1
targets -set -nocase -filter {name =~"APU*"}
source C:/workspace5_do_2/ads_lab5_ap_2_do/_ide/psinit/ps7_init.tcl
ps7_init
ps7_post_config
targets -set -nocase -filter {name =~ "*A9*#0"}
dow C:/workspace5_do_2/ads_lab5_ap_2_do/Debug/ads_lab5_ap_2_do.elf
configparams force-mem-access 0
----------------End of Script----------------

13:12:15 INFO  : Context for processor 'ps7_cortexa9_0' is selected.
13:12:15 INFO  : 'con' command is executed.
13:12:15 INFO  : ----------------XSDB Script (After Launch)----------------
targets -set -nocase -filter {name =~ "*A9*#0"}
con
----------------End of Script----------------

13:12:15 INFO  : Launch script is exported to file 'C:\workspace5_do_2\ads_lab5_ap_2_do_system\_ide\scripts\systemdebugger_ads_lab5_ap_2_do_system_standalone.tcl'
13:14:48 INFO  : Disconnected from the channel tcfchan#5.
13:14:57 INFO  : Connected to target on host '127.0.0.1' and port '3121'.
13:14:57 INFO  : Jtag cable 'Digilent Zed 210248470623' is selected.
13:14:57 INFO  : 'jtag frequency' command is executed.
13:14:57 INFO  : Context for 'APU' is selected.
13:14:57 INFO  : System reset is completed.
13:15:00 INFO  : 'after 3000' command is executed.
13:15:00 INFO  : 'targets -set -filter {jtag_cable_name =~ "Digilent Zed 210248470623" && level==0 && jtag_device_ctx=="jsn-Zed-210248470623-03727093-0"}' command is executed.
13:15:02 INFO  : Device configured successfully with "C:/workspace5_do_2/ads_lab5_ap_2_do/_ide/bitstream/lab5_bd_wrapper.bit"
13:15:02 INFO  : Context for 'APU' is selected.
13:15:02 INFO  : Hardware design and registers information is loaded from 'C:/workspace5_do_2/ads_lab5_pp_2_do/export/ads_lab5_pp_2_do/hw/lab5_bd_wrapper.xsa'.
13:15:02 INFO  : 'configparams force-mem-access 1' command is executed.
13:15:02 INFO  : Context for 'APU' is selected.
13:15:03 INFO  : Sourcing of 'C:/workspace5_do_2/ads_lab5_ap_2_do/_ide/psinit/ps7_init.tcl' is done.
13:15:03 INFO  : 'ps7_init' command is executed.
13:15:03 INFO  : 'ps7_post_config' command is executed.
13:15:03 INFO  : Context for processor 'ps7_cortexa9_0' is selected.
13:15:03 INFO  : The application 'C:/workspace5_do_2/ads_lab5_ap_2_do/Debug/ads_lab5_ap_2_do.elf' is downloaded to processor 'ps7_cortexa9_0'.
13:15:03 INFO  : 'configparams force-mem-access 0' command is executed.
13:15:03 INFO  : ----------------XSDB Script----------------
connect -url tcp:127.0.0.1:3121
targets -set -nocase -filter {name =~"APU*"}
rst -system
after 3000
targets -set -filter {jtag_cable_name =~ "Digilent Zed 210248470623" && level==0 && jtag_device_ctx=="jsn-Zed-210248470623-03727093-0"}
fpga -file C:/workspace5_do_2/ads_lab5_ap_2_do/_ide/bitstream/lab5_bd_wrapper.bit
targets -set -nocase -filter {name =~"APU*"}
loadhw -hw C:/workspace5_do_2/ads_lab5_pp_2_do/export/ads_lab5_pp_2_do/hw/lab5_bd_wrapper.xsa -mem-ranges [list {0x40000000 0xbfffffff}] -regs
configparams force-mem-access 1
targets -set -nocase -filter {name =~"APU*"}
source C:/workspace5_do_2/ads_lab5_ap_2_do/_ide/psinit/ps7_init.tcl
ps7_init
ps7_post_config
targets -set -nocase -filter {name =~ "*A9*#0"}
dow C:/workspace5_do_2/ads_lab5_ap_2_do/Debug/ads_lab5_ap_2_do.elf
configparams force-mem-access 0
----------------End of Script----------------

13:15:03 INFO  : Context for processor 'ps7_cortexa9_0' is selected.
13:15:03 INFO  : 'con' command is executed.
13:15:03 INFO  : ----------------XSDB Script (After Launch)----------------
targets -set -nocase -filter {name =~ "*A9*#0"}
con
----------------End of Script----------------

13:15:03 INFO  : Launch script is exported to file 'C:\workspace5_do_2\ads_lab5_ap_2_do_system\_ide\scripts\systemdebugger_ads_lab5_ap_2_do_system_standalone.tcl'
13:16:57 INFO  : Checking for BSP changes to sync application flags for project 'ads_lab5_ap_2_do'...
13:17:00 INFO  : Disconnected from the channel tcfchan#6.
13:17:14 INFO  : Connected to target on host '127.0.0.1' and port '3121'.
13:17:14 INFO  : Jtag cable 'Digilent Zed 210248470623' is selected.
13:17:14 INFO  : 'jtag frequency' command is executed.
13:17:14 INFO  : Context for 'APU' is selected.
13:17:14 INFO  : System reset is completed.
13:17:17 INFO  : 'after 3000' command is executed.
13:17:17 INFO  : 'targets -set -filter {jtag_cable_name =~ "Digilent Zed 210248470623" && level==0 && jtag_device_ctx=="jsn-Zed-210248470623-03727093-0"}' command is executed.
13:17:20 INFO  : Device configured successfully with "C:/workspace5_do_2/ads_lab5_ap_2_do/_ide/bitstream/lab5_bd_wrapper.bit"
13:17:20 INFO  : Context for 'APU' is selected.
13:17:20 INFO  : Hardware design and registers information is loaded from 'C:/workspace5_do_2/ads_lab5_pp_2_do/export/ads_lab5_pp_2_do/hw/lab5_bd_wrapper.xsa'.
13:17:20 INFO  : 'configparams force-mem-access 1' command is executed.
13:17:20 INFO  : Context for 'APU' is selected.
13:17:20 INFO  : Sourcing of 'C:/workspace5_do_2/ads_lab5_ap_2_do/_ide/psinit/ps7_init.tcl' is done.
13:17:20 INFO  : 'ps7_init' command is executed.
13:17:20 INFO  : 'ps7_post_config' command is executed.
13:17:20 INFO  : Context for processor 'ps7_cortexa9_0' is selected.
13:17:21 INFO  : The application 'C:/workspace5_do_2/ads_lab5_ap_2_do/Debug/ads_lab5_ap_2_do.elf' is downloaded to processor 'ps7_cortexa9_0'.
13:17:21 INFO  : 'configparams force-mem-access 0' command is executed.
13:17:21 INFO  : ----------------XSDB Script----------------
connect -url tcp:127.0.0.1:3121
targets -set -nocase -filter {name =~"APU*"}
rst -system
after 3000
targets -set -filter {jtag_cable_name =~ "Digilent Zed 210248470623" && level==0 && jtag_device_ctx=="jsn-Zed-210248470623-03727093-0"}
fpga -file C:/workspace5_do_2/ads_lab5_ap_2_do/_ide/bitstream/lab5_bd_wrapper.bit
targets -set -nocase -filter {name =~"APU*"}
loadhw -hw C:/workspace5_do_2/ads_lab5_pp_2_do/export/ads_lab5_pp_2_do/hw/lab5_bd_wrapper.xsa -mem-ranges [list {0x40000000 0xbfffffff}] -regs
configparams force-mem-access 1
targets -set -nocase -filter {name =~"APU*"}
source C:/workspace5_do_2/ads_lab5_ap_2_do/_ide/psinit/ps7_init.tcl
ps7_init
ps7_post_config
targets -set -nocase -filter {name =~ "*A9*#0"}
dow C:/workspace5_do_2/ads_lab5_ap_2_do/Debug/ads_lab5_ap_2_do.elf
configparams force-mem-access 0
----------------End of Script----------------

13:17:21 INFO  : Context for processor 'ps7_cortexa9_0' is selected.
13:17:21 INFO  : 'con' command is executed.
13:17:21 INFO  : ----------------XSDB Script (After Launch)----------------
targets -set -nocase -filter {name =~ "*A9*#0"}
con
----------------End of Script----------------

13:17:21 INFO  : Launch script is exported to file 'C:\workspace5_do_2\ads_lab5_ap_2_do_system\_ide\scripts\systemdebugger_ads_lab5_ap_2_do_system_standalone.tcl'
13:26:06 INFO  : Disconnected from the channel tcfchan#7.
13:26:11 INFO  : Connected to target on host '127.0.0.1' and port '3121'.
13:26:11 INFO  : Jtag cable 'Digilent Zed 210248470623' is selected.
13:26:11 INFO  : 'jtag frequency' command is executed.
13:26:11 INFO  : Context for 'APU' is selected.
13:26:11 INFO  : System reset is completed.
13:26:14 INFO  : 'after 3000' command is executed.
13:26:14 INFO  : 'targets -set -filter {jtag_cable_name =~ "Digilent Zed 210248470623" && level==0 && jtag_device_ctx=="jsn-Zed-210248470623-03727093-0"}' command is executed.
13:26:16 INFO  : Device configured successfully with "C:/workspace5_do_2/ads_lab5_ap_2_do/_ide/bitstream/lab5_bd_wrapper.bit"
13:26:17 INFO  : Context for 'APU' is selected.
13:26:17 INFO  : Hardware design and registers information is loaded from 'C:/workspace5_do_2/ads_lab5_pp_2_do/export/ads_lab5_pp_2_do/hw/lab5_bd_wrapper.xsa'.
13:26:17 INFO  : 'configparams force-mem-access 1' command is executed.
13:26:17 INFO  : Context for 'APU' is selected.
13:26:17 INFO  : Sourcing of 'C:/workspace5_do_2/ads_lab5_ap_2_do/_ide/psinit/ps7_init.tcl' is done.
13:26:17 INFO  : 'ps7_init' command is executed.
13:26:17 INFO  : 'ps7_post_config' command is executed.
13:26:17 INFO  : Context for processor 'ps7_cortexa9_0' is selected.
13:26:17 INFO  : The application 'C:/workspace5_do_2/ads_lab5_ap_2_do/Debug/ads_lab5_ap_2_do.elf' is downloaded to processor 'ps7_cortexa9_0'.
13:26:17 INFO  : 'configparams force-mem-access 0' command is executed.
13:26:17 INFO  : ----------------XSDB Script----------------
connect -url tcp:127.0.0.1:3121
targets -set -nocase -filter {name =~"APU*"}
rst -system
after 3000
targets -set -filter {jtag_cable_name =~ "Digilent Zed 210248470623" && level==0 && jtag_device_ctx=="jsn-Zed-210248470623-03727093-0"}
fpga -file C:/workspace5_do_2/ads_lab5_ap_2_do/_ide/bitstream/lab5_bd_wrapper.bit
targets -set -nocase -filter {name =~"APU*"}
loadhw -hw C:/workspace5_do_2/ads_lab5_pp_2_do/export/ads_lab5_pp_2_do/hw/lab5_bd_wrapper.xsa -mem-ranges [list {0x40000000 0xbfffffff}] -regs
configparams force-mem-access 1
targets -set -nocase -filter {name =~"APU*"}
source C:/workspace5_do_2/ads_lab5_ap_2_do/_ide/psinit/ps7_init.tcl
ps7_init
ps7_post_config
targets -set -nocase -filter {name =~ "*A9*#0"}
dow C:/workspace5_do_2/ads_lab5_ap_2_do/Debug/ads_lab5_ap_2_do.elf
configparams force-mem-access 0
----------------End of Script----------------

13:26:17 INFO  : Context for processor 'ps7_cortexa9_0' is selected.
13:26:17 INFO  : 'con' command is executed.
13:26:17 INFO  : ----------------XSDB Script (After Launch)----------------
targets -set -nocase -filter {name =~ "*A9*#0"}
con
----------------End of Script----------------

13:26:17 INFO  : Launch script is exported to file 'C:\workspace5_do_2\ads_lab5_ap_2_do_system\_ide\scripts\systemdebugger_ads_lab5_ap_2_do_system_standalone.tcl'
13:28:27 INFO  : Disconnected from the channel tcfchan#8.
13:28:33 INFO  : Connected to target on host '127.0.0.1' and port '3121'.
13:28:33 INFO  : Jtag cable 'Digilent Zed 210248470623' is selected.
13:28:33 INFO  : 'jtag frequency' command is executed.
13:28:33 INFO  : Context for 'APU' is selected.
13:28:33 INFO  : System reset is completed.
13:28:36 INFO  : 'after 3000' command is executed.
13:28:36 INFO  : 'targets -set -filter {jtag_cable_name =~ "Digilent Zed 210248470623" && level==0 && jtag_device_ctx=="jsn-Zed-210248470623-03727093-0"}' command is executed.
13:28:39 INFO  : Device configured successfully with "C:/workspace5_do_2/ads_lab5_ap_2_do/_ide/bitstream/lab5_bd_wrapper.bit"
13:28:39 INFO  : Context for 'APU' is selected.
13:28:39 INFO  : Hardware design and registers information is loaded from 'C:/workspace5_do_2/ads_lab5_pp_2_do/export/ads_lab5_pp_2_do/hw/lab5_bd_wrapper.xsa'.
13:28:39 INFO  : 'configparams force-mem-access 1' command is executed.
13:28:39 INFO  : Context for 'APU' is selected.
13:28:39 INFO  : Sourcing of 'C:/workspace5_do_2/ads_lab5_ap_2_do/_ide/psinit/ps7_init.tcl' is done.
13:28:39 INFO  : 'ps7_init' command is executed.
13:28:39 INFO  : 'ps7_post_config' command is executed.
13:28:39 INFO  : Context for processor 'ps7_cortexa9_0' is selected.
13:28:39 INFO  : The application 'C:/workspace5_do_2/ads_lab5_ap_2_do/Debug/ads_lab5_ap_2_do.elf' is downloaded to processor 'ps7_cortexa9_0'.
13:28:39 INFO  : 'configparams force-mem-access 0' command is executed.
13:28:39 INFO  : ----------------XSDB Script----------------
connect -url tcp:127.0.0.1:3121
targets -set -nocase -filter {name =~"APU*"}
rst -system
after 3000
targets -set -filter {jtag_cable_name =~ "Digilent Zed 210248470623" && level==0 && jtag_device_ctx=="jsn-Zed-210248470623-03727093-0"}
fpga -file C:/workspace5_do_2/ads_lab5_ap_2_do/_ide/bitstream/lab5_bd_wrapper.bit
targets -set -nocase -filter {name =~"APU*"}
loadhw -hw C:/workspace5_do_2/ads_lab5_pp_2_do/export/ads_lab5_pp_2_do/hw/lab5_bd_wrapper.xsa -mem-ranges [list {0x40000000 0xbfffffff}] -regs
configparams force-mem-access 1
targets -set -nocase -filter {name =~"APU*"}
source C:/workspace5_do_2/ads_lab5_ap_2_do/_ide/psinit/ps7_init.tcl
ps7_init
ps7_post_config
targets -set -nocase -filter {name =~ "*A9*#0"}
dow C:/workspace5_do_2/ads_lab5_ap_2_do/Debug/ads_lab5_ap_2_do.elf
configparams force-mem-access 0
----------------End of Script----------------

13:28:39 INFO  : Context for processor 'ps7_cortexa9_0' is selected.
13:28:39 INFO  : 'con' command is executed.
13:28:39 INFO  : ----------------XSDB Script (After Launch)----------------
targets -set -nocase -filter {name =~ "*A9*#0"}
con
----------------End of Script----------------

13:28:39 INFO  : Launch script is exported to file 'C:\workspace5_do_2\ads_lab5_ap_2_do_system\_ide\scripts\systemdebugger_ads_lab5_ap_2_do_system_standalone.tcl'
13:29:06 INFO  : Disconnected from the channel tcfchan#9.
13:29:08 INFO  : Checking for BSP changes to sync application flags for project 'ads_lab5_ap_2_do'...
13:29:20 INFO  : Connected to target on host '127.0.0.1' and port '3121'.
13:29:20 INFO  : Jtag cable 'Digilent Zed 210248470623' is selected.
13:29:20 INFO  : 'jtag frequency' command is executed.
13:29:20 INFO  : Context for 'APU' is selected.
13:29:20 INFO  : System reset is completed.
13:29:23 INFO  : 'after 3000' command is executed.
13:29:23 INFO  : 'targets -set -filter {jtag_cable_name =~ "Digilent Zed 210248470623" && level==0 && jtag_device_ctx=="jsn-Zed-210248470623-03727093-0"}' command is executed.
13:29:26 INFO  : Device configured successfully with "C:/workspace5_do_2/ads_lab5_ap_2_do/_ide/bitstream/lab5_bd_wrapper.bit"
13:29:26 INFO  : Context for 'APU' is selected.
13:29:26 INFO  : Hardware design and registers information is loaded from 'C:/workspace5_do_2/ads_lab5_pp_2_do/export/ads_lab5_pp_2_do/hw/lab5_bd_wrapper.xsa'.
13:29:26 INFO  : 'configparams force-mem-access 1' command is executed.
13:29:26 INFO  : Context for 'APU' is selected.
13:29:26 INFO  : Sourcing of 'C:/workspace5_do_2/ads_lab5_ap_2_do/_ide/psinit/ps7_init.tcl' is done.
13:29:26 INFO  : 'ps7_init' command is executed.
13:29:26 INFO  : 'ps7_post_config' command is executed.
13:29:26 INFO  : Context for processor 'ps7_cortexa9_0' is selected.
13:29:26 INFO  : The application 'C:/workspace5_do_2/ads_lab5_ap_2_do/Debug/ads_lab5_ap_2_do.elf' is downloaded to processor 'ps7_cortexa9_0'.
13:29:26 INFO  : 'configparams force-mem-access 0' command is executed.
13:29:26 INFO  : ----------------XSDB Script----------------
connect -url tcp:127.0.0.1:3121
targets -set -nocase -filter {name =~"APU*"}
rst -system
after 3000
targets -set -filter {jtag_cable_name =~ "Digilent Zed 210248470623" && level==0 && jtag_device_ctx=="jsn-Zed-210248470623-03727093-0"}
fpga -file C:/workspace5_do_2/ads_lab5_ap_2_do/_ide/bitstream/lab5_bd_wrapper.bit
targets -set -nocase -filter {name =~"APU*"}
loadhw -hw C:/workspace5_do_2/ads_lab5_pp_2_do/export/ads_lab5_pp_2_do/hw/lab5_bd_wrapper.xsa -mem-ranges [list {0x40000000 0xbfffffff}] -regs
configparams force-mem-access 1
targets -set -nocase -filter {name =~"APU*"}
source C:/workspace5_do_2/ads_lab5_ap_2_do/_ide/psinit/ps7_init.tcl
ps7_init
ps7_post_config
targets -set -nocase -filter {name =~ "*A9*#0"}
dow C:/workspace5_do_2/ads_lab5_ap_2_do/Debug/ads_lab5_ap_2_do.elf
configparams force-mem-access 0
----------------End of Script----------------

13:29:26 INFO  : Context for processor 'ps7_cortexa9_0' is selected.
13:29:26 INFO  : 'con' command is executed.
13:29:26 INFO  : ----------------XSDB Script (After Launch)----------------
targets -set -nocase -filter {name =~ "*A9*#0"}
con
----------------End of Script----------------

13:29:26 INFO  : Launch script is exported to file 'C:\workspace5_do_2\ads_lab5_ap_2_do_system\_ide\scripts\systemdebugger_ads_lab5_ap_2_do_system_standalone.tcl'
13:32:37 INFO  : Checking for BSP changes to sync application flags for project 'ads_lab5_ap_2_do'...
13:32:41 INFO  : Disconnected from the channel tcfchan#11.
13:32:54 INFO  : Connected to target on host '127.0.0.1' and port '3121'.
13:32:54 INFO  : Jtag cable 'Digilent Zed 210248470623' is selected.
13:32:54 INFO  : 'jtag frequency' command is executed.
13:32:54 INFO  : Context for 'APU' is selected.
13:32:54 INFO  : System reset is completed.
13:32:57 INFO  : 'after 3000' command is executed.
13:32:57 INFO  : 'targets -set -filter {jtag_cable_name =~ "Digilent Zed 210248470623" && level==0 && jtag_device_ctx=="jsn-Zed-210248470623-03727093-0"}' command is executed.
13:33:00 INFO  : Device configured successfully with "C:/workspace5_do_2/ads_lab5_ap_2_do/_ide/bitstream/lab5_bd_wrapper.bit"
13:33:00 INFO  : Context for 'APU' is selected.
13:33:00 INFO  : Hardware design and registers information is loaded from 'C:/workspace5_do_2/ads_lab5_pp_2_do/export/ads_lab5_pp_2_do/hw/lab5_bd_wrapper.xsa'.
13:33:00 INFO  : 'configparams force-mem-access 1' command is executed.
13:33:00 INFO  : Context for 'APU' is selected.
13:33:00 INFO  : Sourcing of 'C:/workspace5_do_2/ads_lab5_ap_2_do/_ide/psinit/ps7_init.tcl' is done.
13:33:00 INFO  : 'ps7_init' command is executed.
13:33:00 INFO  : 'ps7_post_config' command is executed.
13:33:00 INFO  : Context for processor 'ps7_cortexa9_0' is selected.
13:33:00 INFO  : The application 'C:/workspace5_do_2/ads_lab5_ap_2_do/Debug/ads_lab5_ap_2_do.elf' is downloaded to processor 'ps7_cortexa9_0'.
13:33:00 INFO  : 'configparams force-mem-access 0' command is executed.
13:33:00 INFO  : ----------------XSDB Script----------------
connect -url tcp:127.0.0.1:3121
targets -set -nocase -filter {name =~"APU*"}
rst -system
after 3000
targets -set -filter {jtag_cable_name =~ "Digilent Zed 210248470623" && level==0 && jtag_device_ctx=="jsn-Zed-210248470623-03727093-0"}
fpga -file C:/workspace5_do_2/ads_lab5_ap_2_do/_ide/bitstream/lab5_bd_wrapper.bit
targets -set -nocase -filter {name =~"APU*"}
loadhw -hw C:/workspace5_do_2/ads_lab5_pp_2_do/export/ads_lab5_pp_2_do/hw/lab5_bd_wrapper.xsa -mem-ranges [list {0x40000000 0xbfffffff}] -regs
configparams force-mem-access 1
targets -set -nocase -filter {name =~"APU*"}
source C:/workspace5_do_2/ads_lab5_ap_2_do/_ide/psinit/ps7_init.tcl
ps7_init
ps7_post_config
targets -set -nocase -filter {name =~ "*A9*#0"}
dow C:/workspace5_do_2/ads_lab5_ap_2_do/Debug/ads_lab5_ap_2_do.elf
configparams force-mem-access 0
----------------End of Script----------------

13:33:01 INFO  : Context for processor 'ps7_cortexa9_0' is selected.
13:33:01 INFO  : 'con' command is executed.
13:33:01 INFO  : ----------------XSDB Script (After Launch)----------------
targets -set -nocase -filter {name =~ "*A9*#0"}
con
----------------End of Script----------------

13:33:01 INFO  : Launch script is exported to file 'C:\workspace5_do_2\ads_lab5_ap_2_do_system\_ide\scripts\systemdebugger_ads_lab5_ap_2_do_system_standalone.tcl'
14:06:37 INFO  : Checking for BSP changes to sync application flags for project 'ads_lab5_ap_2_do'...
14:07:17 INFO  : Checking for BSP changes to sync application flags for project 'ads_lab5_ap_2_do'...
14:07:22 INFO  : Checking for BSP changes to sync application flags for project 'ads_lab5_ap_2_do'...
14:07:39 INFO  : Disconnected from the channel tcfchan#12.
14:07:40 INFO  : Connected to target on host '127.0.0.1' and port '3121'.
14:07:40 INFO  : Jtag cable 'Digilent Zed 210248470623' is selected.
14:07:40 INFO  : 'jtag frequency' command is executed.
14:07:40 INFO  : Context for 'APU' is selected.
14:07:40 INFO  : System reset is completed.
14:07:43 INFO  : 'after 3000' command is executed.
14:07:43 INFO  : 'targets -set -filter {jtag_cable_name =~ "Digilent Zed 210248470623" && level==0 && jtag_device_ctx=="jsn-Zed-210248470623-03727093-0"}' command is executed.
14:07:45 INFO  : Device configured successfully with "C:/workspace5_do_2/ads_lab5_ap_2_do/_ide/bitstream/lab5_bd_wrapper.bit"
14:07:45 INFO  : Context for 'APU' is selected.
14:07:45 INFO  : Hardware design and registers information is loaded from 'C:/workspace5_do_2/ads_lab5_pp_2_do/export/ads_lab5_pp_2_do/hw/lab5_bd_wrapper.xsa'.
14:07:45 INFO  : 'configparams force-mem-access 1' command is executed.
14:07:45 INFO  : Context for 'APU' is selected.
14:07:45 INFO  : Sourcing of 'C:/workspace5_do_2/ads_lab5_ap_2_do/_ide/psinit/ps7_init.tcl' is done.
14:07:46 INFO  : 'ps7_init' command is executed.
14:07:46 INFO  : 'ps7_post_config' command is executed.
14:07:46 INFO  : Context for processor 'ps7_cortexa9_0' is selected.
14:07:46 INFO  : The application 'C:/workspace5_do_2/ads_lab5_ap_2_do/Debug/ads_lab5_ap_2_do.elf' is downloaded to processor 'ps7_cortexa9_0'.
14:07:46 INFO  : 'configparams force-mem-access 0' command is executed.
14:07:46 INFO  : ----------------XSDB Script----------------
connect -url tcp:127.0.0.1:3121
targets -set -nocase -filter {name =~"APU*"}
rst -system
after 3000
targets -set -filter {jtag_cable_name =~ "Digilent Zed 210248470623" && level==0 && jtag_device_ctx=="jsn-Zed-210248470623-03727093-0"}
fpga -file C:/workspace5_do_2/ads_lab5_ap_2_do/_ide/bitstream/lab5_bd_wrapper.bit
targets -set -nocase -filter {name =~"APU*"}
loadhw -hw C:/workspace5_do_2/ads_lab5_pp_2_do/export/ads_lab5_pp_2_do/hw/lab5_bd_wrapper.xsa -mem-ranges [list {0x40000000 0xbfffffff}] -regs
configparams force-mem-access 1
targets -set -nocase -filter {name =~"APU*"}
source C:/workspace5_do_2/ads_lab5_ap_2_do/_ide/psinit/ps7_init.tcl
ps7_init
ps7_post_config
targets -set -nocase -filter {name =~ "*A9*#0"}
dow C:/workspace5_do_2/ads_lab5_ap_2_do/Debug/ads_lab5_ap_2_do.elf
configparams force-mem-access 0
----------------End of Script----------------

14:07:46 INFO  : Context for processor 'ps7_cortexa9_0' is selected.
14:07:46 INFO  : 'con' command is executed.
14:07:46 INFO  : ----------------XSDB Script (After Launch)----------------
targets -set -nocase -filter {name =~ "*A9*#0"}
con
----------------End of Script----------------

14:07:46 INFO  : Launch script is exported to file 'C:\workspace5_do_2\ads_lab5_ap_2_do_system\_ide\scripts\systemdebugger_ads_lab5_ap_2_do_system_standalone.tcl'
14:12:09 INFO  : Checking for BSP changes to sync application flags for project 'ads_lab5_ap_2_do'...
14:12:20 INFO  : Checking for BSP changes to sync application flags for project 'ads_lab5_ap_2_do'...
14:12:36 INFO  : Disconnected from the channel tcfchan#13.
14:12:51 INFO  : Connected to target on host '127.0.0.1' and port '3121'.
14:12:51 INFO  : Jtag cable 'Digilent Zed 210248470623' is selected.
14:12:51 INFO  : 'jtag frequency' command is executed.
14:12:51 INFO  : Context for 'APU' is selected.
14:12:51 INFO  : System reset is completed.
14:12:54 INFO  : 'after 3000' command is executed.
14:12:54 INFO  : 'targets -set -filter {jtag_cable_name =~ "Digilent Zed 210248470623" && level==0 && jtag_device_ctx=="jsn-Zed-210248470623-03727093-0"}' command is executed.
14:12:57 INFO  : Device configured successfully with "C:/workspace5_do_2/ads_lab5_ap_2_do/_ide/bitstream/lab5_bd_wrapper.bit"
14:12:57 INFO  : Context for 'APU' is selected.
14:12:57 INFO  : Hardware design and registers information is loaded from 'C:/workspace5_do_2/ads_lab5_pp_2_do/export/ads_lab5_pp_2_do/hw/lab5_bd_wrapper.xsa'.
14:12:57 INFO  : 'configparams force-mem-access 1' command is executed.
14:12:57 INFO  : Context for 'APU' is selected.
14:12:57 INFO  : Sourcing of 'C:/workspace5_do_2/ads_lab5_ap_2_do/_ide/psinit/ps7_init.tcl' is done.
14:12:57 INFO  : 'ps7_init' command is executed.
14:12:57 INFO  : 'ps7_post_config' command is executed.
14:12:57 INFO  : Context for processor 'ps7_cortexa9_0' is selected.
14:12:58 INFO  : The application 'C:/workspace5_do_2/ads_lab5_ap_2_do/Debug/ads_lab5_ap_2_do.elf' is downloaded to processor 'ps7_cortexa9_0'.
14:12:58 INFO  : 'configparams force-mem-access 0' command is executed.
14:12:58 INFO  : ----------------XSDB Script----------------
connect -url tcp:127.0.0.1:3121
targets -set -nocase -filter {name =~"APU*"}
rst -system
after 3000
targets -set -filter {jtag_cable_name =~ "Digilent Zed 210248470623" && level==0 && jtag_device_ctx=="jsn-Zed-210248470623-03727093-0"}
fpga -file C:/workspace5_do_2/ads_lab5_ap_2_do/_ide/bitstream/lab5_bd_wrapper.bit
targets -set -nocase -filter {name =~"APU*"}
loadhw -hw C:/workspace5_do_2/ads_lab5_pp_2_do/export/ads_lab5_pp_2_do/hw/lab5_bd_wrapper.xsa -mem-ranges [list {0x40000000 0xbfffffff}] -regs
configparams force-mem-access 1
targets -set -nocase -filter {name =~"APU*"}
source C:/workspace5_do_2/ads_lab5_ap_2_do/_ide/psinit/ps7_init.tcl
ps7_init
ps7_post_config
targets -set -nocase -filter {name =~ "*A9*#0"}
dow C:/workspace5_do_2/ads_lab5_ap_2_do/Debug/ads_lab5_ap_2_do.elf
configparams force-mem-access 0
----------------End of Script----------------

14:12:58 INFO  : Context for processor 'ps7_cortexa9_0' is selected.
14:12:58 INFO  : 'con' command is executed.
14:12:58 INFO  : ----------------XSDB Script (After Launch)----------------
targets -set -nocase -filter {name =~ "*A9*#0"}
con
----------------End of Script----------------

14:12:58 INFO  : Launch script is exported to file 'C:\workspace5_do_2\ads_lab5_ap_2_do_system\_ide\scripts\systemdebugger_ads_lab5_ap_2_do_system_standalone.tcl'
14:20:14 INFO  : Checking for BSP changes to sync application flags for project 'ads_lab5_ap_2_do'...
14:20:21 INFO  : Disconnected from the channel tcfchan#14.
14:20:21 INFO  : Connected to target on host '127.0.0.1' and port '3121'.
14:20:21 INFO  : Jtag cable 'Digilent Zed 210248470623' is selected.
14:20:21 INFO  : 'jtag frequency' command is executed.
14:20:21 INFO  : Context for 'APU' is selected.
14:20:21 INFO  : System reset is completed.
14:20:24 INFO  : 'after 3000' command is executed.
14:20:24 INFO  : 'targets -set -filter {jtag_cable_name =~ "Digilent Zed 210248470623" && level==0 && jtag_device_ctx=="jsn-Zed-210248470623-03727093-0"}' command is executed.
14:20:27 INFO  : Device configured successfully with "C:/workspace5_do_2/ads_lab5_ap_2_do/_ide/bitstream/lab5_bd_wrapper.bit"
14:20:27 INFO  : Context for 'APU' is selected.
14:20:27 INFO  : Hardware design and registers information is loaded from 'C:/workspace5_do_2/ads_lab5_pp_2_do/export/ads_lab5_pp_2_do/hw/lab5_bd_wrapper.xsa'.
14:20:27 INFO  : 'configparams force-mem-access 1' command is executed.
14:20:27 INFO  : Context for 'APU' is selected.
14:20:27 INFO  : Sourcing of 'C:/workspace5_do_2/ads_lab5_ap_2_do/_ide/psinit/ps7_init.tcl' is done.
14:20:27 INFO  : 'ps7_init' command is executed.
14:20:27 INFO  : 'ps7_post_config' command is executed.
14:20:27 INFO  : Context for processor 'ps7_cortexa9_0' is selected.
14:20:27 INFO  : The application 'C:/workspace5_do_2/ads_lab5_ap_2_do/Debug/ads_lab5_ap_2_do.elf' is downloaded to processor 'ps7_cortexa9_0'.
14:20:27 INFO  : 'configparams force-mem-access 0' command is executed.
14:20:27 INFO  : ----------------XSDB Script----------------
connect -url tcp:127.0.0.1:3121
targets -set -nocase -filter {name =~"APU*"}
rst -system
after 3000
targets -set -filter {jtag_cable_name =~ "Digilent Zed 210248470623" && level==0 && jtag_device_ctx=="jsn-Zed-210248470623-03727093-0"}
fpga -file C:/workspace5_do_2/ads_lab5_ap_2_do/_ide/bitstream/lab5_bd_wrapper.bit
targets -set -nocase -filter {name =~"APU*"}
loadhw -hw C:/workspace5_do_2/ads_lab5_pp_2_do/export/ads_lab5_pp_2_do/hw/lab5_bd_wrapper.xsa -mem-ranges [list {0x40000000 0xbfffffff}] -regs
configparams force-mem-access 1
targets -set -nocase -filter {name =~"APU*"}
source C:/workspace5_do_2/ads_lab5_ap_2_do/_ide/psinit/ps7_init.tcl
ps7_init
ps7_post_config
targets -set -nocase -filter {name =~ "*A9*#0"}
dow C:/workspace5_do_2/ads_lab5_ap_2_do/Debug/ads_lab5_ap_2_do.elf
configparams force-mem-access 0
----------------End of Script----------------

14:20:27 INFO  : Context for processor 'ps7_cortexa9_0' is selected.
14:20:27 INFO  : 'con' command is executed.
14:20:27 INFO  : ----------------XSDB Script (After Launch)----------------
targets -set -nocase -filter {name =~ "*A9*#0"}
con
----------------End of Script----------------

14:20:27 INFO  : Launch script is exported to file 'C:\workspace5_do_2\ads_lab5_ap_2_do_system\_ide\scripts\systemdebugger_ads_lab5_ap_2_do_system_standalone.tcl'
15:45:20 INFO  : Disconnected from the channel tcfchan#15.
15:45:20 INFO  : Connected to target on host '127.0.0.1' and port '3121'.
15:45:20 INFO  : Jtag cable 'Digilent Zed 210248584982' is selected.
15:45:20 INFO  : 'jtag frequency' command is executed.
15:45:20 INFO  : Context for 'APU' is selected.
15:45:20 INFO  : System reset is completed.
15:45:23 INFO  : 'after 3000' command is executed.
15:45:24 INFO  : 'targets -set -filter {jtag_cable_name =~ "Digilent Zed 210248584982" && level==0 && jtag_device_ctx=="jsn-Zed-210248584982-23727093-0"}' command is executed.
15:45:26 INFO  : Device configured successfully with "C:/workspace5_do_2/ads_lab5_ap_2_do/_ide/bitstream/lab5_bd_wrapper.bit"
15:45:26 INFO  : Context for 'APU' is selected.
15:45:26 INFO  : Hardware design and registers information is loaded from 'C:/workspace5_do_2/ads_lab5_pp_2_do/export/ads_lab5_pp_2_do/hw/lab5_bd_wrapper.xsa'.
15:45:26 INFO  : 'configparams force-mem-access 1' command is executed.
15:45:26 INFO  : Context for 'APU' is selected.
15:45:26 INFO  : Sourcing of 'C:/workspace5_do_2/ads_lab5_ap_2_do/_ide/psinit/ps7_init.tcl' is done.
15:45:26 INFO  : 'ps7_init' command is executed.
15:45:26 INFO  : 'ps7_post_config' command is executed.
15:45:26 INFO  : Context for processor 'ps7_cortexa9_0' is selected.
15:45:27 INFO  : The application 'C:/workspace5_do_2/ads_lab5_ap_2_do/Debug/ads_lab5_ap_2_do.elf' is downloaded to processor 'ps7_cortexa9_0'.
15:45:27 INFO  : 'configparams force-mem-access 0' command is executed.
15:45:27 INFO  : ----------------XSDB Script----------------
connect -url tcp:127.0.0.1:3121
targets -set -nocase -filter {name =~"APU*"}
rst -system
after 3000
targets -set -filter {jtag_cable_name =~ "Digilent Zed 210248584982" && level==0 && jtag_device_ctx=="jsn-Zed-210248584982-23727093-0"}
fpga -file C:/workspace5_do_2/ads_lab5_ap_2_do/_ide/bitstream/lab5_bd_wrapper.bit
targets -set -nocase -filter {name =~"APU*"}
loadhw -hw C:/workspace5_do_2/ads_lab5_pp_2_do/export/ads_lab5_pp_2_do/hw/lab5_bd_wrapper.xsa -mem-ranges [list {0x40000000 0xbfffffff}] -regs
configparams force-mem-access 1
targets -set -nocase -filter {name =~"APU*"}
source C:/workspace5_do_2/ads_lab5_ap_2_do/_ide/psinit/ps7_init.tcl
ps7_init
ps7_post_config
targets -set -nocase -filter {name =~ "*A9*#0"}
dow C:/workspace5_do_2/ads_lab5_ap_2_do/Debug/ads_lab5_ap_2_do.elf
configparams force-mem-access 0
----------------End of Script----------------

15:45:27 INFO  : Context for processor 'ps7_cortexa9_0' is selected.
15:45:27 INFO  : 'con' command is executed.
15:45:27 INFO  : ----------------XSDB Script (After Launch)----------------
targets -set -nocase -filter {name =~ "*A9*#0"}
con
----------------End of Script----------------

15:45:27 INFO  : Launch script is exported to file 'C:\workspace5_do_2\ads_lab5_ap_2_do_system\_ide\scripts\systemdebugger_ads_lab5_ap_2_do_system_standalone.tcl'
15:46:51 INFO  : Disconnected from the channel tcfchan#16.
15:46:52 INFO  : Connected to target on host '127.0.0.1' and port '3121'.
15:46:52 INFO  : Jtag cable 'Digilent Zed 210248584982' is selected.
15:46:52 INFO  : 'jtag frequency' command is executed.
15:46:52 INFO  : Context for 'APU' is selected.
15:46:52 INFO  : System reset is completed.
15:46:55 INFO  : 'after 3000' command is executed.
15:46:55 INFO  : 'targets -set -filter {jtag_cable_name =~ "Digilent Zed 210248584982" && level==0 && jtag_device_ctx=="jsn-Zed-210248584982-23727093-0"}' command is executed.
15:46:57 INFO  : Device configured successfully with "C:/workspace5_do_2/ads_lab5_ap_2_do/_ide/bitstream/lab5_bd_wrapper.bit"
15:46:57 INFO  : Context for 'APU' is selected.
15:46:57 INFO  : Hardware design and registers information is loaded from 'C:/workspace5_do_2/ads_lab5_pp_2_do/export/ads_lab5_pp_2_do/hw/lab5_bd_wrapper.xsa'.
15:46:57 INFO  : 'configparams force-mem-access 1' command is executed.
15:46:57 INFO  : Context for 'APU' is selected.
15:46:57 INFO  : Sourcing of 'C:/workspace5_do_2/ads_lab5_ap_2_do/_ide/psinit/ps7_init.tcl' is done.
15:46:58 INFO  : 'ps7_init' command is executed.
15:46:58 INFO  : 'ps7_post_config' command is executed.
15:46:58 INFO  : Context for processor 'ps7_cortexa9_0' is selected.
15:46:58 INFO  : The application 'C:/workspace5_do_2/ads_lab5_ap_2_do/Debug/ads_lab5_ap_2_do.elf' is downloaded to processor 'ps7_cortexa9_0'.
15:46:58 INFO  : 'configparams force-mem-access 0' command is executed.
15:46:58 INFO  : ----------------XSDB Script----------------
connect -url tcp:127.0.0.1:3121
targets -set -nocase -filter {name =~"APU*"}
rst -system
after 3000
targets -set -filter {jtag_cable_name =~ "Digilent Zed 210248584982" && level==0 && jtag_device_ctx=="jsn-Zed-210248584982-23727093-0"}
fpga -file C:/workspace5_do_2/ads_lab5_ap_2_do/_ide/bitstream/lab5_bd_wrapper.bit
targets -set -nocase -filter {name =~"APU*"}
loadhw -hw C:/workspace5_do_2/ads_lab5_pp_2_do/export/ads_lab5_pp_2_do/hw/lab5_bd_wrapper.xsa -mem-ranges [list {0x40000000 0xbfffffff}] -regs
configparams force-mem-access 1
targets -set -nocase -filter {name =~"APU*"}
source C:/workspace5_do_2/ads_lab5_ap_2_do/_ide/psinit/ps7_init.tcl
ps7_init
ps7_post_config
targets -set -nocase -filter {name =~ "*A9*#0"}
dow C:/workspace5_do_2/ads_lab5_ap_2_do/Debug/ads_lab5_ap_2_do.elf
configparams force-mem-access 0
----------------End of Script----------------

15:46:58 INFO  : Context for processor 'ps7_cortexa9_0' is selected.
15:46:58 INFO  : 'con' command is executed.
15:46:58 INFO  : ----------------XSDB Script (After Launch)----------------
targets -set -nocase -filter {name =~ "*A9*#0"}
con
----------------End of Script----------------

15:46:58 INFO  : Launch script is exported to file 'C:\workspace5_do_2\ads_lab5_ap_2_do_system\_ide\scripts\systemdebugger_ads_lab5_ap_2_do_system_standalone.tcl'
15:47:12 INFO  : Checking for BSP changes to sync application flags for project 'ads_lab5_ap_2_do'...
15:47:23 INFO  : Disconnected from the channel tcfchan#17.
15:47:54 INFO  : Connected to target on host '127.0.0.1' and port '3121'.
15:47:54 INFO  : Jtag cable 'Digilent Zed 210248584982' is selected.
15:47:54 INFO  : 'jtag frequency' command is executed.
15:47:54 INFO  : Context for 'APU' is selected.
15:47:54 INFO  : System reset is completed.
15:47:57 INFO  : 'after 3000' command is executed.
15:47:57 INFO  : 'targets -set -filter {jtag_cable_name =~ "Digilent Zed 210248584982" && level==0 && jtag_device_ctx=="jsn-Zed-210248584982-23727093-0"}' command is executed.
15:48:00 INFO  : Device configured successfully with "C:/workspace5_do_2/ads_lab5_ap_2_do/_ide/bitstream/lab5_bd_wrapper.bit"
15:48:00 INFO  : Context for 'APU' is selected.
15:48:00 INFO  : Hardware design and registers information is loaded from 'C:/workspace5_do_2/ads_lab5_pp_2_do/export/ads_lab5_pp_2_do/hw/lab5_bd_wrapper.xsa'.
15:48:00 INFO  : 'configparams force-mem-access 1' command is executed.
15:48:00 INFO  : Context for 'APU' is selected.
15:48:00 INFO  : Sourcing of 'C:/workspace5_do_2/ads_lab5_ap_2_do/_ide/psinit/ps7_init.tcl' is done.
15:48:00 INFO  : 'ps7_init' command is executed.
15:48:00 INFO  : 'ps7_post_config' command is executed.
15:48:00 INFO  : Context for processor 'ps7_cortexa9_0' is selected.
15:48:00 INFO  : The application 'C:/workspace5_do_2/ads_lab5_ap_2_do/Debug/ads_lab5_ap_2_do.elf' is downloaded to processor 'ps7_cortexa9_0'.
15:48:00 INFO  : 'configparams force-mem-access 0' command is executed.
15:48:00 INFO  : ----------------XSDB Script----------------
connect -url tcp:127.0.0.1:3121
targets -set -nocase -filter {name =~"APU*"}
rst -system
after 3000
targets -set -filter {jtag_cable_name =~ "Digilent Zed 210248584982" && level==0 && jtag_device_ctx=="jsn-Zed-210248584982-23727093-0"}
fpga -file C:/workspace5_do_2/ads_lab5_ap_2_do/_ide/bitstream/lab5_bd_wrapper.bit
targets -set -nocase -filter {name =~"APU*"}
loadhw -hw C:/workspace5_do_2/ads_lab5_pp_2_do/export/ads_lab5_pp_2_do/hw/lab5_bd_wrapper.xsa -mem-ranges [list {0x40000000 0xbfffffff}] -regs
configparams force-mem-access 1
targets -set -nocase -filter {name =~"APU*"}
source C:/workspace5_do_2/ads_lab5_ap_2_do/_ide/psinit/ps7_init.tcl
ps7_init
ps7_post_config
targets -set -nocase -filter {name =~ "*A9*#0"}
dow C:/workspace5_do_2/ads_lab5_ap_2_do/Debug/ads_lab5_ap_2_do.elf
configparams force-mem-access 0
----------------End of Script----------------

15:48:00 INFO  : Context for processor 'ps7_cortexa9_0' is selected.
15:48:01 INFO  : 'con' command is executed.
15:48:01 INFO  : ----------------XSDB Script (After Launch)----------------
targets -set -nocase -filter {name =~ "*A9*#0"}
con
----------------End of Script----------------

15:48:01 INFO  : Launch script is exported to file 'C:\workspace5_do_2\ads_lab5_ap_2_do_system\_ide\scripts\systemdebugger_ads_lab5_ap_2_do_system_standalone.tcl'
15:51:58 INFO  : Checking for BSP changes to sync application flags for project 'ads_lab5_ap_2_do'...
15:52:23 INFO  : Disconnected from the channel tcfchan#19.
15:52:23 INFO  : Connected to target on host '127.0.0.1' and port '3121'.
15:52:23 INFO  : Jtag cable 'Digilent Zed 210248584982' is selected.
15:52:23 INFO  : 'jtag frequency' command is executed.
15:52:23 INFO  : Context for 'APU' is selected.
15:52:24 INFO  : System reset is completed.
15:52:27 INFO  : 'after 3000' command is executed.
15:52:27 INFO  : 'targets -set -filter {jtag_cable_name =~ "Digilent Zed 210248584982" && level==0 && jtag_device_ctx=="jsn-Zed-210248584982-23727093-0"}' command is executed.
15:52:29 INFO  : Device configured successfully with "C:/workspace5_do_2/ads_lab5_ap_2_do/_ide/bitstream/lab5_bd_wrapper.bit"
15:52:29 INFO  : Context for 'APU' is selected.
15:52:29 INFO  : Hardware design and registers information is loaded from 'C:/workspace5_do_2/ads_lab5_pp_2_do/export/ads_lab5_pp_2_do/hw/lab5_bd_wrapper.xsa'.
15:52:29 INFO  : 'configparams force-mem-access 1' command is executed.
15:52:29 INFO  : Context for 'APU' is selected.
15:52:29 INFO  : Sourcing of 'C:/workspace5_do_2/ads_lab5_ap_2_do/_ide/psinit/ps7_init.tcl' is done.
15:52:29 INFO  : 'ps7_init' command is executed.
15:52:29 INFO  : 'ps7_post_config' command is executed.
15:52:29 INFO  : Context for processor 'ps7_cortexa9_0' is selected.
15:52:30 INFO  : The application 'C:/workspace5_do_2/ads_lab5_ap_2_do/Debug/ads_lab5_ap_2_do.elf' is downloaded to processor 'ps7_cortexa9_0'.
15:52:30 INFO  : 'configparams force-mem-access 0' command is executed.
15:52:30 INFO  : ----------------XSDB Script----------------
connect -url tcp:127.0.0.1:3121
targets -set -nocase -filter {name =~"APU*"}
rst -system
after 3000
targets -set -filter {jtag_cable_name =~ "Digilent Zed 210248584982" && level==0 && jtag_device_ctx=="jsn-Zed-210248584982-23727093-0"}
fpga -file C:/workspace5_do_2/ads_lab5_ap_2_do/_ide/bitstream/lab5_bd_wrapper.bit
targets -set -nocase -filter {name =~"APU*"}
loadhw -hw C:/workspace5_do_2/ads_lab5_pp_2_do/export/ads_lab5_pp_2_do/hw/lab5_bd_wrapper.xsa -mem-ranges [list {0x40000000 0xbfffffff}] -regs
configparams force-mem-access 1
targets -set -nocase -filter {name =~"APU*"}
source C:/workspace5_do_2/ads_lab5_ap_2_do/_ide/psinit/ps7_init.tcl
ps7_init
ps7_post_config
targets -set -nocase -filter {name =~ "*A9*#0"}
dow C:/workspace5_do_2/ads_lab5_ap_2_do/Debug/ads_lab5_ap_2_do.elf
configparams force-mem-access 0
----------------End of Script----------------

15:52:30 INFO  : Context for processor 'ps7_cortexa9_0' is selected.
15:52:30 INFO  : 'con' command is executed.
15:52:30 INFO  : ----------------XSDB Script (After Launch)----------------
targets -set -nocase -filter {name =~ "*A9*#0"}
con
----------------End of Script----------------

15:52:30 INFO  : Launch script is exported to file 'C:\workspace5_do_2\ads_lab5_ap_2_do_system\_ide\scripts\systemdebugger_ads_lab5_ap_2_do_system_standalone.tcl'
16:53:38 INFO  : Hardware specification for platform project 'ads_lab5_pp_2_do' is updated.
16:53:45 INFO  : Result from executing command 'getProjects': ads_lab5_pp_2_do
16:53:45 INFO  : Result from executing command 'getPlatforms': ads_lab5_pp_2_do|C:/workspace5_do_2/ads_lab5_pp_2_do/export/ads_lab5_pp_2_do/ads_lab5_pp_2_do.xpfm
16:53:46 INFO  : Checking for BSP changes to sync application flags for project 'ads_lab5_ap_2_do'...
16:53:49 INFO  : The hardware specfication used by project 'ads_lab5_ap_2_do' is out of sync with the platform. Resource files extracted from the hardware specfiication will be updated.
16:53:49 INFO  : The file 'C:\workspace5_do_2\ads_lab5_ap_2_do\_ide\bitstream\lab5_bd_wrapper.bit' stored in project is removed.
16:53:49 INFO  : The updated bitstream files are copied from platform to folder 'C:\workspace5_do_2\ads_lab5_ap_2_do\_ide\bitstream' in project 'ads_lab5_ap_2_do'.
16:53:49 INFO  : The file 'C:\workspace5_do_2\ads_lab5_ap_2_do\_ide\psinit\ps7_init.tcl' stored in project is removed.
16:53:57 INFO  : The updated ps init files are copied from platform to folder 'C:\workspace5_do_2\ads_lab5_ap_2_do\_ide\psinit' in project 'ads_lab5_ap_2_do'.
16:54:03 INFO  : Disconnected from the channel tcfchan#20.
16:54:03 INFO  : Connected to target on host '127.0.0.1' and port '3121'.
16:54:03 INFO  : Jtag cable 'Digilent Zed 210248584982' is selected.
16:54:03 INFO  : 'jtag frequency' command is executed.
16:54:03 INFO  : Context for 'APU' is selected.
16:54:03 INFO  : System reset is completed.
16:54:06 INFO  : 'after 3000' command is executed.
16:54:06 INFO  : 'targets -set -filter {jtag_cable_name =~ "Digilent Zed 210248584982" && level==0 && jtag_device_ctx=="jsn-Zed-210248584982-23727093-0"}' command is executed.
16:54:09 INFO  : Device configured successfully with "C:/workspace5_do_2/ads_lab5_ap_2_do/_ide/bitstream/lab5_bd_wrapper.bit"
16:54:09 INFO  : Context for 'APU' is selected.
16:54:09 INFO  : Hardware design and registers information is loaded from 'C:/workspace5_do_2/ads_lab5_pp_2_do/export/ads_lab5_pp_2_do/hw/lab5_bd_wrapper.xsa'.
16:54:09 INFO  : 'configparams force-mem-access 1' command is executed.
16:54:09 INFO  : Context for 'APU' is selected.
16:54:09 INFO  : Sourcing of 'C:/workspace5_do_2/ads_lab5_ap_2_do/_ide/psinit/ps7_init.tcl' is done.
16:54:09 INFO  : 'ps7_init' command is executed.
16:54:09 INFO  : 'ps7_post_config' command is executed.
16:54:09 INFO  : Context for processor 'ps7_cortexa9_0' is selected.
16:54:09 INFO  : The application 'C:/workspace5_do_2/ads_lab5_ap_2_do/Debug/ads_lab5_ap_2_do.elf' is downloaded to processor 'ps7_cortexa9_0'.
16:54:09 INFO  : 'configparams force-mem-access 0' command is executed.
16:54:09 INFO  : ----------------XSDB Script----------------
connect -url tcp:127.0.0.1:3121
targets -set -nocase -filter {name =~"APU*"}
rst -system
after 3000
targets -set -filter {jtag_cable_name =~ "Digilent Zed 210248584982" && level==0 && jtag_device_ctx=="jsn-Zed-210248584982-23727093-0"}
fpga -file C:/workspace5_do_2/ads_lab5_ap_2_do/_ide/bitstream/lab5_bd_wrapper.bit
targets -set -nocase -filter {name =~"APU*"}
loadhw -hw C:/workspace5_do_2/ads_lab5_pp_2_do/export/ads_lab5_pp_2_do/hw/lab5_bd_wrapper.xsa -mem-ranges [list {0x40000000 0xbfffffff}] -regs
configparams force-mem-access 1
targets -set -nocase -filter {name =~"APU*"}
source C:/workspace5_do_2/ads_lab5_ap_2_do/_ide/psinit/ps7_init.tcl
ps7_init
ps7_post_config
targets -set -nocase -filter {name =~ "*A9*#0"}
dow C:/workspace5_do_2/ads_lab5_ap_2_do/Debug/ads_lab5_ap_2_do.elf
configparams force-mem-access 0
----------------End of Script----------------

16:54:10 INFO  : Context for processor 'ps7_cortexa9_0' is selected.
16:54:10 INFO  : 'con' command is executed.
16:54:10 INFO  : ----------------XSDB Script (After Launch)----------------
targets -set -nocase -filter {name =~ "*A9*#0"}
con
----------------End of Script----------------

16:54:10 INFO  : Launch script is exported to file 'C:\workspace5_do_2\ads_lab5_ap_2_do_system\_ide\scripts\systemdebugger_ads_lab5_ap_2_do_system_standalone.tcl'
17:11:17 INFO  : Hardware specification for platform project 'ads_lab5_pp_2_do' is updated.
17:11:26 INFO  : Result from executing command 'getProjects': ads_lab5_pp_2_do
17:11:26 INFO  : Result from executing command 'getPlatforms': ads_lab5_pp_2_do|C:/workspace5_do_2/ads_lab5_pp_2_do/export/ads_lab5_pp_2_do/ads_lab5_pp_2_do.xpfm
17:11:26 INFO  : Checking for BSP changes to sync application flags for project 'ads_lab5_ap_2_do'...
17:11:30 INFO  : The hardware specfication used by project 'ads_lab5_ap_2_do' is out of sync with the platform. Resource files extracted from the hardware specfiication will be updated.
17:11:30 INFO  : The file 'C:\workspace5_do_2\ads_lab5_ap_2_do\_ide\bitstream\lab5_bd_wrapper.bit' stored in project is removed.
17:11:30 INFO  : The updated bitstream files are copied from platform to folder 'C:\workspace5_do_2\ads_lab5_ap_2_do\_ide\bitstream' in project 'ads_lab5_ap_2_do'.
17:11:30 INFO  : The file 'C:\workspace5_do_2\ads_lab5_ap_2_do\_ide\psinit\ps7_init.tcl' stored in project is removed.
17:11:36 INFO  : The updated ps init files are copied from platform to folder 'C:\workspace5_do_2\ads_lab5_ap_2_do\_ide\psinit' in project 'ads_lab5_ap_2_do'.
17:11:47 INFO  : Disconnected from the channel tcfchan#23.
17:11:48 INFO  : Connected to target on host '127.0.0.1' and port '3121'.
17:11:48 INFO  : Jtag cable 'Digilent Zed 210248584982' is selected.
17:11:48 INFO  : 'jtag frequency' command is executed.
17:11:48 INFO  : Context for 'APU' is selected.
17:11:48 INFO  : System reset is completed.
17:11:51 INFO  : 'after 3000' command is executed.
17:11:51 INFO  : 'targets -set -filter {jtag_cable_name =~ "Digilent Zed 210248584982" && level==0 && jtag_device_ctx=="jsn-Zed-210248584982-23727093-0"}' command is executed.
17:11:53 INFO  : Device configured successfully with "C:/workspace5_do_2/ads_lab5_ap_2_do/_ide/bitstream/lab5_bd_wrapper.bit"
17:11:53 INFO  : Context for 'APU' is selected.
17:11:53 INFO  : Hardware design and registers information is loaded from 'C:/workspace5_do_2/ads_lab5_pp_2_do/export/ads_lab5_pp_2_do/hw/lab5_bd_wrapper.xsa'.
17:11:53 INFO  : 'configparams force-mem-access 1' command is executed.
17:11:53 INFO  : Context for 'APU' is selected.
17:11:53 INFO  : Sourcing of 'C:/workspace5_do_2/ads_lab5_ap_2_do/_ide/psinit/ps7_init.tcl' is done.
17:11:54 INFO  : 'ps7_init' command is executed.
17:11:54 INFO  : 'ps7_post_config' command is executed.
17:11:54 INFO  : Context for processor 'ps7_cortexa9_0' is selected.
17:11:54 INFO  : The application 'C:/workspace5_do_2/ads_lab5_ap_2_do/Debug/ads_lab5_ap_2_do.elf' is downloaded to processor 'ps7_cortexa9_0'.
17:11:54 INFO  : 'configparams force-mem-access 0' command is executed.
17:11:54 INFO  : ----------------XSDB Script----------------
connect -url tcp:127.0.0.1:3121
targets -set -nocase -filter {name =~"APU*"}
rst -system
after 3000
targets -set -filter {jtag_cable_name =~ "Digilent Zed 210248584982" && level==0 && jtag_device_ctx=="jsn-Zed-210248584982-23727093-0"}
fpga -file C:/workspace5_do_2/ads_lab5_ap_2_do/_ide/bitstream/lab5_bd_wrapper.bit
targets -set -nocase -filter {name =~"APU*"}
loadhw -hw C:/workspace5_do_2/ads_lab5_pp_2_do/export/ads_lab5_pp_2_do/hw/lab5_bd_wrapper.xsa -mem-ranges [list {0x40000000 0xbfffffff}] -regs
configparams force-mem-access 1
targets -set -nocase -filter {name =~"APU*"}
source C:/workspace5_do_2/ads_lab5_ap_2_do/_ide/psinit/ps7_init.tcl
ps7_init
ps7_post_config
targets -set -nocase -filter {name =~ "*A9*#0"}
dow C:/workspace5_do_2/ads_lab5_ap_2_do/Debug/ads_lab5_ap_2_do.elf
configparams force-mem-access 0
----------------End of Script----------------

17:11:54 INFO  : Context for processor 'ps7_cortexa9_0' is selected.
17:11:54 INFO  : 'con' command is executed.
17:11:54 INFO  : ----------------XSDB Script (After Launch)----------------
targets -set -nocase -filter {name =~ "*A9*#0"}
con
----------------End of Script----------------

17:11:54 INFO  : Launch script is exported to file 'C:\workspace5_do_2\ads_lab5_ap_2_do_system\_ide\scripts\systemdebugger_ads_lab5_ap_2_do_system_standalone.tcl'
17:26:43 INFO  : Hardware specification for platform project 'ads_lab5_pp_2_do' is updated.
17:27:10 INFO  : Result from executing command 'getProjects': ads_lab5_pp_2_do
17:27:10 INFO  : Result from executing command 'getPlatforms': ads_lab5_pp_2_do|C:/workspace5_do_2/ads_lab5_pp_2_do/export/ads_lab5_pp_2_do/ads_lab5_pp_2_do.xpfm
17:27:23 ERROR : XSCT server calls should not be made from TCF thread.
java.lang.RuntimeException: XSCT server calls should not be made from TCF thread.
	at com.xilinx.sdk.xsdb.XSDBCommandManager.issueAndWait(XSDBCommandManager.java:391)
	at com.xilinx.sdk.xsdb.XsdbCommandUtils.executeAndRespond(XsdbCommandUtils.java:325)
	at com.xilinx.sdk.hw.internal.HwPlatform.dispose(HwPlatform.java:1326)
	at com.xilinx.sdk.hw.internal.HwSpecFactory.removeHwSpec(HwSpecFactory.java:92)
	at com.xilinx.sdk.hw.internal.HwSpecFactory.validateGetFromCache(HwSpecFactory.java:78)
	at com.xilinx.sdk.hw.internal.HwSpecFactory.createHwSpec(HwSpecFactory.java:48)
	at com.xilinx.sdx.sdsoc.debug.ui.SdsLaunchConfigUtil.createHwPlatform(SdsLaunchConfigUtil.java:57)
	at com.xilinx.sdx.sdsoc.debug.ui.SdsLaunchConfigModel.iniHwPlatform(SdsLaunchConfigModel.java:179)
	at com.xilinx.sdk.tcf.internal.debug.ui.common.BaseLaunchConfigModel.getHwPlatform(BaseLaunchConfigModel.java:577)
	at com.xilinx.sdk.tcf.internal.debug.ui.common.BaseLaunchConfigModel.readCrossTriggerModel(BaseLaunchConfigModel.java:173)
	at com.xilinx.sdk.tcf.internal.debug.ui.common.BaseLaunchConfigModel.readAndSetAttributes(BaseLaunchConfigModel.java:156)
	at com.xilinx.sdx.sdsoc.debug.ui.SdsLaunchConfigModel.newInstance(SdsLaunchConfigModel.java:104)
	at com.xilinx.sdx.sdsoc.debug.launch.SdsTcfLaunchDelegate.createConfigModel(SdsTcfLaunchDelegate.java:85)
	at com.xilinx.sdx.sdsoc.debug.launch.SdsTcfLaunchDelegate.generateReports(SdsTcfLaunchDelegate.java:634)
	at com.xilinx.sdx.sdsoc.debug.launch.SdsTcfLaunchDelegate.onDisconnected(SdsTcfLaunchDelegate.java:608)
	at org.eclipse.tcf.internal.debug.ui.model.TCFModelManager$1.onDisconnected(TCFModelManager.java:79)
	at org.eclipse.tcf.internal.debug.model.TCFLaunch.onDisconnected(TCFLaunch.java:532)
	at org.eclipse.tcf.internal.debug.model.TCFLaunch$43.onChannelClosed(TCFLaunch.java:1643)
	at org.eclipse.tcf.core.AbstractChannel$9.run(AbstractChannel.java:858)
	at org.eclipse.tcf.EventQueue.run(EventQueue.java:98)
	at java.base/java.lang.Thread.run(Thread.java:834)
17:27:23 INFO  : Disconnected from the channel tcfchan#26.
17:27:26 INFO  : The hardware specfication used by project 'ads_lab5_ap_2_do' is out of sync with the platform. Resource files extracted from the hardware specfiication will be updated.
17:27:26 INFO  : The file 'C:\workspace5_do_2\ads_lab5_ap_2_do\_ide\bitstream\lab5_bd_wrapper.bit' stored in project is removed.
17:27:26 INFO  : The updated bitstream files are copied from platform to folder 'C:\workspace5_do_2\ads_lab5_ap_2_do\_ide\bitstream' in project 'ads_lab5_ap_2_do'.
17:27:26 INFO  : The file 'C:\workspace5_do_2\ads_lab5_ap_2_do\_ide\psinit\ps7_init.tcl' stored in project is removed.
17:27:33 INFO  : The updated ps init files are copied from platform to folder 'C:\workspace5_do_2\ads_lab5_ap_2_do\_ide\psinit' in project 'ads_lab5_ap_2_do'.
17:27:33 INFO  : Connected to target on host '127.0.0.1' and port '3121'.
17:27:33 INFO  : Jtag cable 'Digilent Zed 210248584982' is selected.
17:27:33 INFO  : 'jtag frequency' command is executed.
17:27:33 INFO  : Context for 'APU' is selected.
17:27:33 INFO  : System reset is completed.
17:27:36 INFO  : 'after 3000' command is executed.
17:27:36 INFO  : 'targets -set -filter {jtag_cable_name =~ "Digilent Zed 210248584982" && level==0 && jtag_device_ctx=="jsn-Zed-210248584982-23727093-0"}' command is executed.
17:27:39 INFO  : Device configured successfully with "C:/workspace5_do_2/ads_lab5_ap_2_do/_ide/bitstream/lab5_bd_wrapper.bit"
17:27:39 INFO  : Context for 'APU' is selected.
17:27:39 INFO  : Hardware design and registers information is loaded from 'C:/workspace5_do_2/ads_lab5_pp_2_do/export/ads_lab5_pp_2_do/hw/lab5_bd_wrapper.xsa'.
17:27:39 INFO  : 'configparams force-mem-access 1' command is executed.
17:27:39 INFO  : Context for 'APU' is selected.
17:27:39 INFO  : Sourcing of 'C:/workspace5_do_2/ads_lab5_ap_2_do/_ide/psinit/ps7_init.tcl' is done.
17:27:39 INFO  : 'ps7_init' command is executed.
17:27:39 INFO  : 'ps7_post_config' command is executed.
17:27:39 INFO  : Context for processor 'ps7_cortexa9_0' is selected.
17:27:39 INFO  : The application 'C:/workspace5_do_2/ads_lab5_ap_2_do/Debug/ads_lab5_ap_2_do.elf' is downloaded to processor 'ps7_cortexa9_0'.
17:27:39 INFO  : 'configparams force-mem-access 0' command is executed.
17:27:39 INFO  : ----------------XSDB Script----------------
connect -url tcp:127.0.0.1:3121
targets -set -nocase -filter {name =~"APU*"}
rst -system
after 3000
targets -set -filter {jtag_cable_name =~ "Digilent Zed 210248584982" && level==0 && jtag_device_ctx=="jsn-Zed-210248584982-23727093-0"}
fpga -file C:/workspace5_do_2/ads_lab5_ap_2_do/_ide/bitstream/lab5_bd_wrapper.bit
targets -set -nocase -filter {name =~"APU*"}
loadhw -hw C:/workspace5_do_2/ads_lab5_pp_2_do/export/ads_lab5_pp_2_do/hw/lab5_bd_wrapper.xsa -mem-ranges [list {0x40000000 0xbfffffff}] -regs
configparams force-mem-access 1
targets -set -nocase -filter {name =~"APU*"}
source C:/workspace5_do_2/ads_lab5_ap_2_do/_ide/psinit/ps7_init.tcl
ps7_init
ps7_post_config
targets -set -nocase -filter {name =~ "*A9*#0"}
dow C:/workspace5_do_2/ads_lab5_ap_2_do/Debug/ads_lab5_ap_2_do.elf
configparams force-mem-access 0
----------------End of Script----------------

17:27:40 INFO  : Context for processor 'ps7_cortexa9_0' is selected.
17:27:40 INFO  : 'con' command is executed.
17:27:40 INFO  : ----------------XSDB Script (After Launch)----------------
targets -set -nocase -filter {name =~ "*A9*#0"}
con
----------------End of Script----------------

17:27:40 INFO  : Launch script is exported to file 'C:\workspace5_do_2\ads_lab5_ap_2_do_system\_ide\scripts\systemdebugger_ads_lab5_ap_2_do_system_standalone.tcl'
17:28:30 INFO  : Checking for BSP changes to sync application flags for project 'ads_lab5_ap_2_do'...
17:28:39 INFO  : Disconnected from the channel tcfchan#28.
17:28:39 INFO  : Connected to target on host '127.0.0.1' and port '3121'.
17:28:39 INFO  : Jtag cable 'Digilent Zed 210248584982' is selected.
17:28:39 INFO  : 'jtag frequency' command is executed.
17:28:39 INFO  : Context for 'APU' is selected.
17:28:39 INFO  : System reset is completed.
17:28:42 INFO  : 'after 3000' command is executed.
17:28:42 INFO  : 'targets -set -filter {jtag_cable_name =~ "Digilent Zed 210248584982" && level==0 && jtag_device_ctx=="jsn-Zed-210248584982-23727093-0"}' command is executed.
17:28:45 INFO  : Device configured successfully with "C:/workspace5_do_2/ads_lab5_ap_2_do/_ide/bitstream/lab5_bd_wrapper.bit"
17:28:45 INFO  : Context for 'APU' is selected.
17:28:45 INFO  : Hardware design and registers information is loaded from 'C:/workspace5_do_2/ads_lab5_pp_2_do/export/ads_lab5_pp_2_do/hw/lab5_bd_wrapper.xsa'.
17:28:45 INFO  : 'configparams force-mem-access 1' command is executed.
17:28:45 INFO  : Context for 'APU' is selected.
17:28:45 INFO  : Sourcing of 'C:/workspace5_do_2/ads_lab5_ap_2_do/_ide/psinit/ps7_init.tcl' is done.
17:28:45 INFO  : 'ps7_init' command is executed.
17:28:45 INFO  : 'ps7_post_config' command is executed.
17:28:45 INFO  : Context for processor 'ps7_cortexa9_0' is selected.
17:28:45 INFO  : The application 'C:/workspace5_do_2/ads_lab5_ap_2_do/Debug/ads_lab5_ap_2_do.elf' is downloaded to processor 'ps7_cortexa9_0'.
17:28:45 INFO  : 'configparams force-mem-access 0' command is executed.
17:28:45 INFO  : ----------------XSDB Script----------------
connect -url tcp:127.0.0.1:3121
targets -set -nocase -filter {name =~"APU*"}
rst -system
after 3000
targets -set -filter {jtag_cable_name =~ "Digilent Zed 210248584982" && level==0 && jtag_device_ctx=="jsn-Zed-210248584982-23727093-0"}
fpga -file C:/workspace5_do_2/ads_lab5_ap_2_do/_ide/bitstream/lab5_bd_wrapper.bit
targets -set -nocase -filter {name =~"APU*"}
loadhw -hw C:/workspace5_do_2/ads_lab5_pp_2_do/export/ads_lab5_pp_2_do/hw/lab5_bd_wrapper.xsa -mem-ranges [list {0x40000000 0xbfffffff}] -regs
configparams force-mem-access 1
targets -set -nocase -filter {name =~"APU*"}
source C:/workspace5_do_2/ads_lab5_ap_2_do/_ide/psinit/ps7_init.tcl
ps7_init
ps7_post_config
targets -set -nocase -filter {name =~ "*A9*#0"}
dow C:/workspace5_do_2/ads_lab5_ap_2_do/Debug/ads_lab5_ap_2_do.elf
configparams force-mem-access 0
----------------End of Script----------------

17:28:45 INFO  : Context for processor 'ps7_cortexa9_0' is selected.
17:28:45 INFO  : 'con' command is executed.
17:28:45 INFO  : ----------------XSDB Script (After Launch)----------------
targets -set -nocase -filter {name =~ "*A9*#0"}
con
----------------End of Script----------------

17:28:45 INFO  : Launch script is exported to file 'C:\workspace5_do_2\ads_lab5_ap_2_do_system\_ide\scripts\systemdebugger_ads_lab5_ap_2_do_system_standalone.tcl'
17:29:29 INFO  : Disconnected from the channel tcfchan#30.
17:29:29 INFO  : Connected to target on host '127.0.0.1' and port '3121'.
17:29:29 INFO  : Jtag cable 'Digilent Zed 210248584982' is selected.
17:29:29 INFO  : 'jtag frequency' command is executed.
17:29:29 INFO  : Context for 'APU' is selected.
17:29:29 INFO  : System reset is completed.
17:29:32 INFO  : 'after 3000' command is executed.
17:29:32 INFO  : 'targets -set -filter {jtag_cable_name =~ "Digilent Zed 210248584982" && level==0 && jtag_device_ctx=="jsn-Zed-210248584982-23727093-0"}' command is executed.
17:29:35 INFO  : Device configured successfully with "C:/workspace5_do_2/ads_lab5_ap_2_do/_ide/bitstream/lab5_bd_wrapper.bit"
17:29:35 INFO  : Context for 'APU' is selected.
17:29:35 INFO  : Hardware design and registers information is loaded from 'C:/workspace5_do_2/ads_lab5_pp_2_do/export/ads_lab5_pp_2_do/hw/lab5_bd_wrapper.xsa'.
17:29:35 INFO  : 'configparams force-mem-access 1' command is executed.
17:29:35 INFO  : Context for 'APU' is selected.
17:29:35 INFO  : Sourcing of 'C:/workspace5_do_2/ads_lab5_ap_2_do/_ide/psinit/ps7_init.tcl' is done.
17:29:35 INFO  : 'ps7_init' command is executed.
17:29:35 INFO  : 'ps7_post_config' command is executed.
17:29:35 INFO  : Context for processor 'ps7_cortexa9_0' is selected.
17:29:35 INFO  : The application 'C:/workspace5_do_2/ads_lab5_ap_2_do/Debug/ads_lab5_ap_2_do.elf' is downloaded to processor 'ps7_cortexa9_0'.
17:29:35 INFO  : 'configparams force-mem-access 0' command is executed.
17:29:35 INFO  : ----------------XSDB Script----------------
connect -url tcp:127.0.0.1:3121
targets -set -nocase -filter {name =~"APU*"}
rst -system
after 3000
targets -set -filter {jtag_cable_name =~ "Digilent Zed 210248584982" && level==0 && jtag_device_ctx=="jsn-Zed-210248584982-23727093-0"}
fpga -file C:/workspace5_do_2/ads_lab5_ap_2_do/_ide/bitstream/lab5_bd_wrapper.bit
targets -set -nocase -filter {name =~"APU*"}
loadhw -hw C:/workspace5_do_2/ads_lab5_pp_2_do/export/ads_lab5_pp_2_do/hw/lab5_bd_wrapper.xsa -mem-ranges [list {0x40000000 0xbfffffff}] -regs
configparams force-mem-access 1
targets -set -nocase -filter {name =~"APU*"}
source C:/workspace5_do_2/ads_lab5_ap_2_do/_ide/psinit/ps7_init.tcl
ps7_init
ps7_post_config
targets -set -nocase -filter {name =~ "*A9*#0"}
dow C:/workspace5_do_2/ads_lab5_ap_2_do/Debug/ads_lab5_ap_2_do.elf
configparams force-mem-access 0
----------------End of Script----------------

17:29:35 INFO  : Context for processor 'ps7_cortexa9_0' is selected.
17:29:35 INFO  : 'con' command is executed.
17:29:35 INFO  : ----------------XSDB Script (After Launch)----------------
targets -set -nocase -filter {name =~ "*A9*#0"}
con
----------------End of Script----------------

17:29:35 INFO  : Launch script is exported to file 'C:\workspace5_do_2\ads_lab5_ap_2_do_system\_ide\scripts\systemdebugger_ads_lab5_ap_2_do_system_standalone.tcl'
18:14:56 INFO  : Hardware specification for platform project 'ads_lab5_pp_2_do' is updated.
18:15:06 INFO  : Result from executing command 'getProjects': ads_lab5_pp_2_do
18:15:06 INFO  : Result from executing command 'getPlatforms': 
18:15:10 INFO  : Checking for BSP changes to sync application flags for project 'ads_lab5_ap_2_do'...
18:15:13 INFO  : The hardware specfication used by project 'ads_lab5_ap_2_do' is out of sync with the platform. Resource files extracted from the hardware specfiication will be updated.
18:15:13 INFO  : The file 'C:\workspace5_do_2\ads_lab5_ap_2_do\_ide\bitstream\lab5_bd_wrapper.bit' stored in project is removed.
18:15:13 INFO  : The updated bitstream files are copied from platform to folder 'C:\workspace5_do_2\ads_lab5_ap_2_do\_ide\bitstream' in project 'ads_lab5_ap_2_do'.
18:15:13 INFO  : The file 'C:\workspace5_do_2\ads_lab5_ap_2_do\_ide\psinit\ps7_init.tcl' stored in project is removed.
18:15:20 INFO  : The updated ps init files are copied from platform to folder 'C:\workspace5_do_2\ads_lab5_ap_2_do\_ide\psinit' in project 'ads_lab5_ap_2_do'.
18:15:26 INFO  : Disconnected from the channel tcfchan#31.
18:15:26 INFO  : Connected to target on host '127.0.0.1' and port '3121'.
18:15:26 INFO  : Jtag cable 'Digilent Zed 210248584982' is selected.
18:15:26 INFO  : 'jtag frequency' command is executed.
18:15:26 INFO  : Context for 'APU' is selected.
18:15:26 INFO  : System reset is completed.
18:15:29 INFO  : 'after 3000' command is executed.
18:15:29 INFO  : 'targets -set -filter {jtag_cable_name =~ "Digilent Zed 210248584982" && level==0 && jtag_device_ctx=="jsn-Zed-210248584982-23727093-0"}' command is executed.
18:15:32 INFO  : Device configured successfully with "C:/workspace5_do_2/ads_lab5_ap_2_do/_ide/bitstream/lab5_bd_wrapper.bit"
18:15:32 INFO  : Context for 'APU' is selected.
18:15:32 INFO  : Hardware design and registers information is loaded from 'C:/workspace5_do_2/ads_lab5_pp_2_do/export/ads_lab5_pp_2_do/hw/lab5_bd_wrapper.xsa'.
18:15:32 INFO  : 'configparams force-mem-access 1' command is executed.
18:15:32 INFO  : Context for 'APU' is selected.
18:15:32 INFO  : Sourcing of 'C:/workspace5_do_2/ads_lab5_ap_2_do/_ide/psinit/ps7_init.tcl' is done.
18:15:32 INFO  : 'ps7_init' command is executed.
18:15:32 INFO  : 'ps7_post_config' command is executed.
18:15:32 INFO  : Context for processor 'ps7_cortexa9_0' is selected.
18:15:32 INFO  : The application 'C:/workspace5_do_2/ads_lab5_ap_2_do/Debug/ads_lab5_ap_2_do.elf' is downloaded to processor 'ps7_cortexa9_0'.
18:15:33 INFO  : 'configparams force-mem-access 0' command is executed.
18:15:33 INFO  : ----------------XSDB Script----------------
connect -url tcp:127.0.0.1:3121
targets -set -nocase -filter {name =~"APU*"}
rst -system
after 3000
targets -set -filter {jtag_cable_name =~ "Digilent Zed 210248584982" && level==0 && jtag_device_ctx=="jsn-Zed-210248584982-23727093-0"}
fpga -file C:/workspace5_do_2/ads_lab5_ap_2_do/_ide/bitstream/lab5_bd_wrapper.bit
targets -set -nocase -filter {name =~"APU*"}
loadhw -hw C:/workspace5_do_2/ads_lab5_pp_2_do/export/ads_lab5_pp_2_do/hw/lab5_bd_wrapper.xsa -mem-ranges [list {0x40000000 0xbfffffff}] -regs
configparams force-mem-access 1
targets -set -nocase -filter {name =~"APU*"}
source C:/workspace5_do_2/ads_lab5_ap_2_do/_ide/psinit/ps7_init.tcl
ps7_init
ps7_post_config
targets -set -nocase -filter {name =~ "*A9*#0"}
dow C:/workspace5_do_2/ads_lab5_ap_2_do/Debug/ads_lab5_ap_2_do.elf
configparams force-mem-access 0
----------------End of Script----------------

18:15:33 INFO  : Context for processor 'ps7_cortexa9_0' is selected.
18:15:33 INFO  : 'con' command is executed.
18:15:33 INFO  : ----------------XSDB Script (After Launch)----------------
targets -set -nocase -filter {name =~ "*A9*#0"}
con
----------------End of Script----------------

18:15:33 INFO  : Launch script is exported to file 'C:\workspace5_do_2\ads_lab5_ap_2_do_system\_ide\scripts\systemdebugger_ads_lab5_ap_2_do_system_standalone.tcl'
18:19:40 INFO  : Disconnected from the channel tcfchan#34.
17:37:39 INFO  : Launching XSCT server: xsct.bat -n  -interactive C:\workspace5_do_2\temp_xsdb_launch_script.tcl
17:37:42 INFO  : XSCT server has started successfully.
17:37:42 INFO  : Successfully done setting XSCT server connection channel  
17:37:42 INFO  : plnx-install-location is set to ''
17:37:42 INFO  : Successfully done setting workspace for the tool. 
17:37:45 INFO  : Platform repository initialization has completed.
17:37:45 INFO  : Registering command handlers for Vitis TCF services
17:37:45 INFO  : Successfully done query RDI_DATADIR 
17:38:55 INFO  : Hardware specification for platform project 'ads_lab5_pp_2_do' is updated.
17:39:01 INFO  : Result from executing command 'getProjects': ads_lab5_pp_2_do
17:39:01 INFO  : Result from executing command 'getPlatforms': ads_lab5_pp_2_do|C:/workspace5_do_2/ads_lab5_pp_2_do/export/ads_lab5_pp_2_do/ads_lab5_pp_2_do.xpfm
17:39:43 INFO  : The hardware specfication used by project 'ads_lab5_ap_2_do' is out of sync with the platform. Resource files extracted from the hardware specfiication will be updated.
17:39:43 INFO  : The file 'C:\workspace5_do_2\ads_lab5_ap_2_do\_ide\bitstream\lab5_bd_wrapper.bit' stored in project is removed.
17:39:43 INFO  : The updated bitstream files are copied from platform to folder 'C:\workspace5_do_2\ads_lab5_ap_2_do\_ide\bitstream' in project 'ads_lab5_ap_2_do'.
17:39:43 INFO  : The file 'C:\workspace5_do_2\ads_lab5_ap_2_do\_ide\psinit\ps7_init.tcl' stored in project is removed.
17:39:49 INFO  : The updated ps init files are copied from platform to folder 'C:\workspace5_do_2\ads_lab5_ap_2_do\_ide\psinit' in project 'ads_lab5_ap_2_do'.
17:39:52 INFO  : Connected to target on host '127.0.0.1' and port '3121'.
17:39:52 INFO  : Jtag cable 'Digilent Zed 210248470159' is selected.
17:39:52 INFO  : 'jtag frequency' command is executed.
17:39:52 INFO  : Context for 'APU' is selected.
17:39:52 INFO  : System reset is completed.
17:39:55 INFO  : 'after 3000' command is executed.
17:39:55 INFO  : 'targets -set -filter {jtag_cable_name =~ "Digilent Zed 210248470159" && level==0 && jtag_device_ctx=="jsn-Zed-210248470159-03727093-0"}' command is executed.
17:39:58 INFO  : Device configured successfully with "C:/workspace5_do_2/ads_lab5_ap_2_do/_ide/bitstream/lab5_bd_wrapper.bit"
17:39:58 INFO  : Context for 'APU' is selected.
17:39:58 INFO  : Hardware design and registers information is loaded from 'C:/workspace5_do_2/ads_lab5_pp_2_do/export/ads_lab5_pp_2_do/hw/lab5_bd_wrapper.xsa'.
17:39:58 INFO  : 'configparams force-mem-access 1' command is executed.
17:39:58 INFO  : Context for 'APU' is selected.
17:39:58 INFO  : Sourcing of 'C:/workspace5_do_2/ads_lab5_ap_2_do/_ide/psinit/ps7_init.tcl' is done.
17:39:58 INFO  : 'ps7_init' command is executed.
17:39:58 INFO  : 'ps7_post_config' command is executed.
17:39:58 INFO  : Context for processor 'ps7_cortexa9_0' is selected.
17:39:58 INFO  : The application 'C:/workspace5_do_2/ads_lab5_ap_2_do/Debug/ads_lab5_ap_2_do.elf' is downloaded to processor 'ps7_cortexa9_0'.
17:39:58 INFO  : 'configparams force-mem-access 0' command is executed.
17:39:58 INFO  : ----------------XSDB Script----------------
connect -url tcp:127.0.0.1:3121
targets -set -nocase -filter {name =~"APU*"}
rst -system
after 3000
targets -set -filter {jtag_cable_name =~ "Digilent Zed 210248470159" && level==0 && jtag_device_ctx=="jsn-Zed-210248470159-03727093-0"}
fpga -file C:/workspace5_do_2/ads_lab5_ap_2_do/_ide/bitstream/lab5_bd_wrapper.bit
targets -set -nocase -filter {name =~"APU*"}
loadhw -hw C:/workspace5_do_2/ads_lab5_pp_2_do/export/ads_lab5_pp_2_do/hw/lab5_bd_wrapper.xsa -mem-ranges [list {0x40000000 0xbfffffff}] -regs
configparams force-mem-access 1
targets -set -nocase -filter {name =~"APU*"}
source C:/workspace5_do_2/ads_lab5_ap_2_do/_ide/psinit/ps7_init.tcl
ps7_init
ps7_post_config
targets -set -nocase -filter {name =~ "*A9*#0"}
dow C:/workspace5_do_2/ads_lab5_ap_2_do/Debug/ads_lab5_ap_2_do.elf
configparams force-mem-access 0
----------------End of Script----------------

17:39:59 INFO  : Context for processor 'ps7_cortexa9_0' is selected.
17:39:59 INFO  : 'con' command is executed.
17:39:59 INFO  : ----------------XSDB Script (After Launch)----------------
targets -set -nocase -filter {name =~ "*A9*#0"}
con
----------------End of Script----------------

17:39:59 INFO  : Launch script is exported to file 'C:\workspace5_do_2\ads_lab5_ap_2_do_system\_ide\scripts\systemdebugger_ads_lab5_ap_2_do_system_standalone.tcl'
17:43:47 INFO  : Disconnected from the channel tcfchan#2.
